                                 Started job on |	Apr 28 01:12:08
                             Started mapping on |	Apr 28 01:13:28
                                    Finished on |	Apr 28 01:37:34
       Mapping speed, Million of reads per hour |	2.49

                          Number of input reads |	1000000
                      Average input read length |	300
                                    UNIQUE READS:
                   Uniquely mapped reads number |	9495
                        Uniquely mapped reads % |	0.95%
                          Average mapped length |	297.34
                       Number of splices: Total |	78
            Number of splices: Annotated (sjdb) |	0
                       Number of splices: GT/AG |	34
                       Number of splices: GC/AG |	0
                       Number of splices: AT/AC |	0
               Number of splices: Non-canonical |	44
                      Mismatch rate per base, % |	0.29%
                         Deletion rate per base |	0.02%
                        Deletion average length |	2.39
                        Insertion rate per base |	0.01%
                       Insertion average length |	1.79
                             MULTI-MAPPING READS:
        Number of reads mapped to multiple loci |	13435
             % of reads mapped to multiple loci |	1.34%
        Number of reads mapped to too many loci |	89
             % of reads mapped to too many loci |	0.01%
                                  UNMAPPED READS:
       % of reads unmapped: too many mismatches |	0.00%
                 % of reads unmapped: too short |	97.69%
                     % of reads unmapped: other |	0.01%
                                  CHIMERIC READS:
                       Number of chimeric reads |	0
                            % of chimeric reads |	0.00%
