STAR version=STAR_2.6.1a_08-27
STAR compilation time,server,dir=Mon Aug 27 18:20:13 EDT 2018 florence.cshl.edu:/sonas-hs/gingeras/nlsas_norepl/user/dobin/STAR/STAR.master/source
##### DEFAULT parameters:
versionSTAR                       20201
versionGenome                     20101   20200   
parametersFiles                   -   
sysShell                          -
runMode                           alignReads
runThreadN                        1
runDirPerm                        User_RWX
runRNGseed                        777
genomeDir                         ./GenomeDir/
genomeLoad                        NoSharedMemory
genomeFastaFiles                  -   
genomeChainFiles                  -   
genomeSAindexNbases               14
genomeChrBinNbits                 18
genomeSAsparseD                   1
genomeSuffixLengthMax             18446744073709551615
genomeFileSizes                   0   
genomeConsensusFile               -
readFilesType                     Fastx   
readFilesIn                       Read1   Read2   
readFilesPrefix                   -
readFilesCommand                  -   
readMatesLengthsIn                NotEqual
readMapNumber                     18446744073709551615
readNameSeparator                 /   
inputBAMfile                      -
bamRemoveDuplicatesType           -
bamRemoveDuplicatesMate2basesN    0
limitGenomeGenerateRAM            31000000000
limitIObufferSize                 150000000
limitOutSAMoneReadBytes           100000
limitOutSJcollapsed               1000000
limitOutSJoneRead                 1000
limitBAMsortRAM                   0
limitSjdbInsertNsj                1000000
outFileNamePrefix                 ./
outTmpDir                         -
outTmpKeep                        None
outStd                            Log
outReadsUnmapped                  None
outQSconversionAdd                0
outMultimapperOrder               Old_2.4
outSAMtype                        SAM   
outSAMmode                        Full
outSAMstrandField                 None
outSAMattributes                  Standard   
outSAMunmapped                    None   
outSAMorder                       Paired
outSAMprimaryFlag                 OneBestScore
outSAMreadID                      Standard
outSAMmapqUnique                  255
outSAMflagOR                      0
outSAMflagAND                     65535
outSAMattrRGline                  -   
outSAMheaderHD                    -   
outSAMheaderPG                    -   
outSAMheaderCommentFile           -
outBAMcompression                 1
outBAMsortingThreadN              0
outBAMsortingBinsN                50
outSAMfilter                      None   
outSAMmultNmax                    18446744073709551615
outSAMattrIHstart                 1
outSAMtlen                        1
outSJfilterReads                  All
outSJfilterCountUniqueMin         3   1   1   1   
outSJfilterCountTotalMin          3   1   1   1   
outSJfilterOverhangMin            30   12   12   12   
outSJfilterDistToOtherSJmin       10   0   5   10   
outSJfilterIntronMaxVsReadN       50000   100000   200000   
outWigType                        None   
outWigStrand                      Stranded   
outWigReferencesPrefix            -
outWigNorm                        RPM   
outFilterType                     Normal
outFilterMultimapNmax             10
outFilterMultimapScoreRange       1
outFilterScoreMin                 0
outFilterScoreMinOverLread        0.66
outFilterMatchNmin                0
outFilterMatchNminOverLread       0.66
outFilterMismatchNmax             10
outFilterMismatchNoverLmax        0.3
outFilterMismatchNoverReadLmax    1
outFilterIntronMotifs             None
outFilterIntronStrands            RemoveInconsistentStrands
clip5pNbases                      0   
clip3pNbases                      0   
clip3pAfterAdapterNbases          0   
clip3pAdapterSeq                  -   
clip3pAdapterMMp                  0.1   
winBinNbits                       16
winAnchorDistNbins                9
winFlankNbins                     4
winAnchorMultimapNmax             50
winReadCoverageRelativeMin        0.5
winReadCoverageBasesMin           0
scoreGap                          0
scoreGapNoncan                    -8
scoreGapGCAG                      -4
scoreGapATAC                      -8
scoreStitchSJshift                1
scoreGenomicLengthLog2scale       -0.25
scoreDelBase                      -2
scoreDelOpen                      -2
scoreInsOpen                      -2
scoreInsBase                      -2
seedSearchLmax                    0
seedSearchStartLmax               50
seedSearchStartLmaxOverLread      1
seedPerReadNmax                   1000
seedPerWindowNmax                 50
seedNoneLociPerWindow             10
seedMultimapNmax                  10000
seedSplitMin                      12
alignIntronMin                    21
alignIntronMax                    0
alignMatesGapMax                  0
alignTranscriptsPerReadNmax       10000
alignSJoverhangMin                5
alignSJDBoverhangMin              3
alignSJstitchMismatchNmax         0   -1   0   0   
alignSplicedMateMapLmin           0
alignSplicedMateMapLminOverLmate    0.66
alignWindowsPerReadNmax           10000
alignTranscriptsPerWindowNmax     100
alignEndsType                     Local
alignSoftClipAtReferenceEnds      Yes
alignEndsProtrude                 0   ConcordantPair   
alignInsertionFlush               None
peOverlapNbasesMin                0
peOverlapMMp                      0.01
chimSegmentMin                    0
chimScoreMin                      0
chimScoreDropMax                  20
chimScoreSeparation               10
chimScoreJunctionNonGTAG          -1
chimMainSegmentMultNmax           10
chimJunctionOverhangMin           20
chimOutType                       Junctions   
chimFilter                        banGenomicN   
chimSegmentReadGapMax             0
chimMultimapNmax                  0
chimMultimapScoreRange            1
chimNonchimScoreDropMin           20
chimOutJunctionFormat             0   
sjdbFileChrStartEnd               -   
sjdbGTFfile                       -
sjdbGTFchrPrefix                  -
sjdbGTFfeatureExon                exon
sjdbGTFtagExonParentTranscript    transcript_id
sjdbGTFtagExonParentGene          gene_id
sjdbOverhang                      100
sjdbScore                         2
sjdbInsertSave                    Basic
varVCFfile                        -
waspOutputMode                    None
quantMode                         -   
quantTranscriptomeBAMcompression    1
quantTranscriptomeBan             IndelSoftclipSingleend
twopass1readsN                    18446744073709551615
twopassMode                       None
##### Command Line:
STAR --genomeDir /media/maha/Elements/ngs2-assignment/chr22 --readFilesIn /media/maha/Elements/ngs2-assignment/not_SRR8797509_1.part_001.fastq /media/maha/Elements/ngs2-assignment/not_SRR8797509_2.part_001.fastq --runThreadN 7
##### Initial USER parameters from Command Line:
###### All USER parameters from Command Line:
genomeDir                     /media/maha/Elements/ngs2-assignment/chr22     ~RE-DEFINED
readFilesIn                   /media/maha/Elements/ngs2-assignment/not_SRR8797509_1.part_001.fastq   /media/maha/Elements/ngs2-assignment/not_SRR8797509_2.part_001.fastq        ~RE-DEFINED
runThreadN                    7     ~RE-DEFINED
##### Finished reading parameters from all sources

##### Final user re-defined parameters-----------------:
runThreadN                        7
genomeDir                         /media/maha/Elements/ngs2-assignment/chr22
readFilesIn                       /media/maha/Elements/ngs2-assignment/not_SRR8797509_1.part_001.fastq   /media/maha/Elements/ngs2-assignment/not_SRR8797509_2.part_001.fastq   

-------------------------------
##### Final effective command line:
STAR   --runThreadN 7   --genomeDir /media/maha/Elements/ngs2-assignment/chr22   --readFilesIn /media/maha/Elements/ngs2-assignment/not_SRR8797509_1.part_001.fastq   /media/maha/Elements/ngs2-assignment/not_SRR8797509_2.part_001.fastq   

##### Final parameters after user input--------------------------------:
versionSTAR                       20201
versionGenome                     20101   20200   
parametersFiles                   -   
sysShell                          -
runMode                           alignReads
runThreadN                        7
runDirPerm                        User_RWX
runRNGseed                        777
genomeDir                         /media/maha/Elements/ngs2-assignment/chr22
genomeLoad                        NoSharedMemory
genomeFastaFiles                  -   
genomeChainFiles                  -   
genomeSAindexNbases               14
genomeChrBinNbits                 18
genomeSAsparseD                   1
genomeSuffixLengthMax             18446744073709551615
genomeFileSizes                   0   
genomeConsensusFile               -
readFilesType                     Fastx   
readFilesIn                       /media/maha/Elements/ngs2-assignment/not_SRR8797509_1.part_001.fastq   /media/maha/Elements/ngs2-assignment/not_SRR8797509_2.part_001.fastq   
readFilesPrefix                   -
readFilesCommand                  -   
readMatesLengthsIn                NotEqual
readMapNumber                     18446744073709551615
readNameSeparator                 /   
inputBAMfile                      -
bamRemoveDuplicatesType           -
bamRemoveDuplicatesMate2basesN    0
limitGenomeGenerateRAM            31000000000
limitIObufferSize                 150000000
limitOutSAMoneReadBytes           100000
limitOutSJcollapsed               1000000
limitOutSJoneRead                 1000
limitBAMsortRAM                   0
limitSjdbInsertNsj                1000000
outFileNamePrefix                 ./
outTmpDir                         -
outTmpKeep                        None
outStd                            Log
outReadsUnmapped                  None
outQSconversionAdd                0
outMultimapperOrder               Old_2.4
outSAMtype                        SAM   
outSAMmode                        Full
outSAMstrandField                 None
outSAMattributes                  Standard   
outSAMunmapped                    None   
outSAMorder                       Paired
outSAMprimaryFlag                 OneBestScore
outSAMreadID                      Standard
outSAMmapqUnique                  255
outSAMflagOR                      0
outSAMflagAND                     65535
outSAMattrRGline                  -   
outSAMheaderHD                    -   
outSAMheaderPG                    -   
outSAMheaderCommentFile           -
outBAMcompression                 1
outBAMsortingThreadN              0
outBAMsortingBinsN                50
outSAMfilter                      None   
outSAMmultNmax                    18446744073709551615
outSAMattrIHstart                 1
outSAMtlen                        1
outSJfilterReads                  All
outSJfilterCountUniqueMin         3   1   1   1   
outSJfilterCountTotalMin          3   1   1   1   
outSJfilterOverhangMin            30   12   12   12   
outSJfilterDistToOtherSJmin       10   0   5   10   
outSJfilterIntronMaxVsReadN       50000   100000   200000   
outWigType                        None   
outWigStrand                      Stranded   
outWigReferencesPrefix            -
outWigNorm                        RPM   
outFilterType                     Normal
outFilterMultimapNmax             10
outFilterMultimapScoreRange       1
outFilterScoreMin                 0
outFilterScoreMinOverLread        0.66
outFilterMatchNmin                0
outFilterMatchNminOverLread       0.66
outFilterMismatchNmax             10
outFilterMismatchNoverLmax        0.3
outFilterMismatchNoverReadLmax    1
outFilterIntronMotifs             None
outFilterIntronStrands            RemoveInconsistentStrands
clip5pNbases                      0   
clip3pNbases                      0   
clip3pAfterAdapterNbases          0   
clip3pAdapterSeq                  -   
clip3pAdapterMMp                  0.1   
winBinNbits                       16
winAnchorDistNbins                9
winFlankNbins                     4
winAnchorMultimapNmax             50
winReadCoverageRelativeMin        0.5
winReadCoverageBasesMin           0
scoreGap                          0
scoreGapNoncan                    -8
scoreGapGCAG                      -4
scoreGapATAC                      -8
scoreStitchSJshift                1
scoreGenomicLengthLog2scale       -0.25
scoreDelBase                      -2
scoreDelOpen                      -2
scoreInsOpen                      -2
scoreInsBase                      -2
seedSearchLmax                    0
seedSearchStartLmax               50
seedSearchStartLmaxOverLread      1
seedPerReadNmax                   1000
seedPerWindowNmax                 50
seedNoneLociPerWindow             10
seedMultimapNmax                  10000
seedSplitMin                      12
alignIntronMin                    21
alignIntronMax                    0
alignMatesGapMax                  0
alignTranscriptsPerReadNmax       10000
alignSJoverhangMin                5
alignSJDBoverhangMin              3
alignSJstitchMismatchNmax         0   -1   0   0   
alignSplicedMateMapLmin           0
alignSplicedMateMapLminOverLmate    0.66
alignWindowsPerReadNmax           10000
alignTranscriptsPerWindowNmax     100
alignEndsType                     Local
alignSoftClipAtReferenceEnds      Yes
alignEndsProtrude                 0   ConcordantPair   
alignInsertionFlush               None
peOverlapNbasesMin                0
peOverlapMMp                      0.01
chimSegmentMin                    0
chimScoreMin                      0
chimScoreDropMax                  20
chimScoreSeparation               10
chimScoreJunctionNonGTAG          -1
chimMainSegmentMultNmax           10
chimJunctionOverhangMin           20
chimOutType                       Junctions   
chimFilter                        banGenomicN   
chimSegmentReadGapMax             0
chimMultimapNmax                  0
chimMultimapScoreRange            1
chimNonchimScoreDropMin           20
chimOutJunctionFormat             0   
sjdbFileChrStartEnd               -   
sjdbGTFfile                       -
sjdbGTFchrPrefix                  -
sjdbGTFfeatureExon                exon
sjdbGTFtagExonParentTranscript    transcript_id
sjdbGTFtagExonParentGene          gene_id
sjdbOverhang                      100
sjdbScore                         2
sjdbInsertSave                    Basic
varVCFfile                        -
waspOutputMode                    None
quantMode                         -   
quantTranscriptomeBAMcompression    1
quantTranscriptomeBan             IndelSoftclipSingleend
twopass1readsN                    18446744073709551615
twopassMode                       None
----------------------------------------

Finished loading and checking parameters
Reading genome generation parameters:
### STAR   --runMode genomeGenerate   --runThreadN 7   --genomeDir /media/maha/Elements/ngs2-assignment/chr22   --genomeFastaFiles /media/maha/Elements/ngs2-assignment/gencode.v29.pc_transcripts.chr22.simplified.fa   
### GstrandBit=32
versionGenome                 20201        ~RE-DEFINED
genomeFastaFiles              /media/maha/Elements/ngs2-assignment/gencode.v29.pc_transcripts.chr22.simplified.fa        ~RE-DEFINED
genomeSAindexNbases           14     ~RE-DEFINED
genomeChrBinNbits             18     ~RE-DEFINED
genomeSAsparseD               1     ~RE-DEFINED
sjdbOverhang                  0     ~RE-DEFINED
sjdbFileChrStartEnd           -        ~RE-DEFINED
sjdbGTFfile                   -     ~RE-DEFINED
sjdbGTFchrPrefix              -     ~RE-DEFINED
sjdbGTFfeatureExon            exon     ~RE-DEFINED
sjdbGTFtagExonParentTranscripttranscript_id     ~RE-DEFINED
sjdbGTFtagExonParentGene      gene_id     ~RE-DEFINED
sjdbInsertSave                Basic     ~RE-DEFINED
genomeFileSizes               567017472   35819589        ~RE-DEFINED
Genome version is compatible with current STAR version
Number of real (reference) chromosomes= 2163
1	ENST00000329492.5	3381	0
2	ENST00000317361.11	2495	262144
3	ENST00000615414.4	2236	524288
4	ENST00000622694.4	2199	786432
5	ENST00000614949.4	1988	1048576
6	ENST00000399767.5	2129	1310720
7	ENST00000399774.7	2167	1572864
8	ENST00000399765.5	1879	1835008
9	ENST00000342111.9	854	2097152
10	ENST00000551952.5	700	2359296
11	ENST00000611040.1	419	2621440
12	ENST00000617586.1	542	2883584
13	ENST00000395680.5	1608	3145728
14	ENST00000395681.5	1604	3407872
15	ENST00000252029.7	1630	3670016
16	ENST00000395678.7	1614	3932160
17	ENST00000425169.1	1432	4194304
18	ENST00000420993.6	2037	4456448
19	ENST00000395698.7	1388	4718592
20	ENST00000395701.7	2077	4980736
21	ENST00000518394.5	720	5242880
22	ENST00000523045.5	970	5505024
23	ENST00000418794.1	640	5767168
24	ENST00000299821.15	1996	6029312
25	ENST00000522304.1	521	6291456
26	ENST00000416372.5	1777	6553600
27	ENST00000043402.7	2157	6815744
28	ENST00000425986.1	1973	7077888
29	ENST00000380995.5	3934	7340032
30	ENST00000337137.8	3787	7602176
31	ENST00000441936.5	590	7864320
32	ENST00000407381.7	1949	8126464
33	ENST00000355704.7	1886	8388608
34	ENST00000394449.6	2048	8650752
35	ENST00000441162.5	2636	8912896
36	ENST00000406733.1	2267	9175040
37	ENST00000403565.5	3586	9437184
38	ENST00000396103.7	3540	9699328
39	ENST00000313237.9	3671	9961472
40	ENST00000629843.2	3491	10223616
41	ENST00000414269.1	557	10485760
42	ENST00000420689.1	750	10747904
43	ENST00000086933.2	1033	11010048
44	ENST00000155674.9	1735	11272192
45	ENST00000336737.8	1799	11534336
46	ENST00000399852.3	1118	11796480
47	ENST00000263202.14	1814	12058624
48	ENST00000399523.5	1007	12320768
49	ENST00000447868.5	596	12582912
50	ENST00000421968.6	670	12845056
51	ENST00000494054.1	588	13107200
52	ENST00000474226.1	293	13369344
53	ENST00000621271.4	5313	13631488
54	ENST00000427926.5	5513	13893632
55	ENST00000622493.4	1714	14155776
56	ENST00000617926.4	1695	14417920
57	ENST00000617103.4	4859	14680064
58	ENST00000538828.1	448	14942208
59	ENST00000458188.2	574	15204352
60	ENST00000449918.1	582	15466496
61	ENST00000537045.5	4361	15728640
62	ENST00000545799.5	4484	15990784
63	ENST00000389262.8	4814	16252928
64	ENST00000263196.11	4480	16515072
65	ENST00000545383.5	3889	16777216
66	ENST00000262794.9	3960	17039360
67	ENST00000419054.5	2003	17301504
68	ENST00000395854.6	1044	17563648
69	ENST00000395858.7	3763	17825792
70	ENST00000540615.5	3941	18087936
71	ENST00000434497.1	937	18350080
72	ENST00000395852.5	1422	18612224
73	ENST00000354853.2	1701	18874368
74	ENST00000159647.9	2964	19136512
75	ENST00000395842.2	3051	19398656
76	ENST00000402472.2	2291	19660800
77	ENST00000611222.1	2311	19922944
78	ENST00000380903.6	2315	20185088
79	ENST00000454366.1	3112	20447232
80	ENST00000417709.5	630	20709376
81	ENST00000381031.7	2610	20971520
82	ENST00000421359.5	821	21233664
83	ENST00000629918.1	162	21495808
84	ENST00000422713.1	828	21757952
85	ENST00000451998.1	582	22020096
86	ENST00000447351.5	375	22282240
87	ENST00000431155.1	311	22544384
88	ENST00000406902.5	4484	22806528
89	ENST00000361034.7	4315	23068672
90	ENST00000456069.1	669	23330816
91	ENST00000408031.1	2834	23592960
92	ENST00000262738.7	11389	23855104
93	ENST00000454637.1	2446	24117248
94	ENST00000357450.8	4201	24379392
95	ENST00000404354.3	3636	24641536
96	ENST00000411478.5	568	24903680
97	ENST00000445110.5	512	25165824
98	ENST00000455233.5	671	25427968
99	ENST00000402984.7	2355	25690112
100	ENST00000262722.11	2251	25952256
101	ENST00000327858.10	2896	26214400
102	ENST00000442170.6	2531	26476544
103	ENST00000340923.9	2348	26738688
104	ENST00000439835.1	572	27000832
105	ENST00000454279.5	565	27262976
106	ENST00000451475.5	544	27525120
107	ENST00000437711.1	753	27787264
108	ENST00000460300.2	599	28049408
109	ENST00000435118.5	1126	28311552
110	ENST00000354869.7	2140	28573696
111	ENST00000425098.5	1868	28835840
112	ENST00000395593.7	2341	29097984
113	ENST00000395598.7	2169	29360128
114	ENST00000395591.5	1987	29622272
115	ENST00000395595.7	2428	29884416
116	ENST00000436958.5	2049	30146560
117	ENST00000395590.5	2380	30408704
118	ENST00000468451.1	561	30670848
119	ENST00000413505.1	391	30932992
120	ENST00000347635.8	5233	31195136
121	ENST00000407019.6	2059	31457280
122	ENST00000424634.5	579	31719424
123	ENST00000417702.5	584	31981568
124	ENST00000434760.5	763	32243712
125	ENST00000430547.5	537	32505856
126	ENST00000445721.5	443	32768000
127	ENST00000396096.6	1895	33030144
128	ENST00000432340.1	551	33292288
129	ENST00000419387.5	1018	33554432
130	ENST00000422489.1	543	33816576
131	ENST00000407835.5	2090	34078720
132	ENST00000438587.5	552	34340864
133	ENST00000455750.5	568	34603008
134	ENST00000263201.5	1976	34865152
135	ENST00000437685.6	2072	35127296
136	ENST00000404724.7	1693	35389440
137	ENST00000428937.1	577	35651584
138	ENST00000361682.10	2437	35913728
139	ENST00000403184.5	2217	36175872
140	ENST00000403710.5	1548	36438016
141	ENST00000407537.5	1457	36700160
142	ENST00000412786.5	871	36962304
143	ENST00000207636.9	1319	37224448
144	ENST00000406520.7	1339	37486592
145	ENST00000449653.5	1035	37748736
146	ENST00000428707.1	724	38010880
147	ENST00000610390.4	4137	38273024
148	ENST00000399837.7	3841	38535168
149	ENST00000399839.5	3986	38797312
150	ENST00000330232.8	3195	39059456
151	ENST00000262607.3	3925	39321600
152	ENST00000648061.1	2901	39583744
153	ENST00000647714.1	2411	39845888
154	ENST00000449907.7	2072	40108032
155	ENST00000649540.1	1932	40370176
156	ENST00000649915.1	3149	40632320
157	ENST00000543038.1	549	40894464
158	ENST00000441548.1	581	41156608
159	ENST00000649310.1	186	41418752
160	ENST00000649746.1	1176	41680896
161	ENST00000263207.7	4041	41943040
162	ENST00000401994.5	2700	42205184
163	ENST00000406522.5	2682	42467328
164	ENST00000406259.1	2871	42729472
165	ENST00000252136.11	2964	42991616
166	ENST00000403707.7	2928	43253760
167	ENST00000444845.5	739	43515904
168	ENST00000404751.7	2498	43778048
169	ENST00000439169.2	2473	44040192
170	ENST00000444256.1	426	44302336
171	ENST00000445045.1	582	44564480
172	ENST00000432879.5	744	44826624
173	ENST00000435265.5	1879	45088768
174	ENST00000430524.5	1389	45350912
175	ENST00000402752.5	1132	45613056
176	ENST00000331821.7	837	45875200
177	ENST00000411892.5	584	46137344
178	ENST00000416427.5	645	46399488
179	ENST00000421656.5	333	46661632
180	ENST00000423859.5	832	46923776
181	ENST00000418705.2	932	47185920
182	ENST00000436518.5	557	47448064
183	ENST00000334554.11	5046	47710208
184	ENST00000320602.11	3072	47972352
185	ENST00000405930.3	3112	48234496
186	ENST00000328879.8	2616	48496640
187	ENST00000451553.1	724	48758784
188	ENST00000444967.5	1045	49020928
189	ENST00000458248.5	742	49283072
190	ENST00000443285.5	792	49545216
191	ENST00000431430.1	572	49807360
192	ENST00000423364.1	769	50069504
193	ENST00000445987.5	590	50331648
194	ENST00000444094.5	551	50593792
195	ENST00000414658.5	717	50855936
196	ENST00000433831.5	3267	51118080
197	ENST00000432052.5	598	51380224
198	ENST00000292733.11	3252	51642368
199	ENST00000263205.11	3351	51904512
200	ENST00000406969.5	3210	52166656
201	ENST00000382974.6	2235	52428800
202	ENST00000441501.5	840	52690944
203	ENST00000438962.1	573	52953088
204	ENST00000445189.5	596	53215232
205	ENST00000451058.5	418	53477376
206	ENST00000457322.5	623	53739520
207	ENST00000428629.5	572	54001664
208	ENST00000424287.5	589	54263808
209	ENST00000423862.5	581	54525952
210	ENST00000420849.5	430	54788096
211	ENST00000215727.9	2437	55050240
212	ENST00000406799.1	1798	55312384
213	ENST00000215730.11	4287	55574528
214	ENST00000439214.1	681	55836672
215	ENST00000354336.7	5325	56098816
216	ENST00000411769.1	2037	56360960
217	ENST00000215739.12	4572	56623104
218	ENST00000414985.5	872	56885248
219	ENST00000646124.1	4281	57147392
220	ENST00000443265.5	698	57409536
221	ENST00000645935.1	488	57671680
222	ENST00000644435.1	562	57933824
223	ENST00000642151.1	3665	58195968
224	ENST00000497716.5	1031	58458112
225	ENST00000415354.6	648	58720256
226	ENST00000415817.2	2528	58982400
227	ENST00000439171.5	635	59244544
228	ENST00000452988.5	878	59506688
229	ENST00000215743.7	2291	59768832
230	ENST00000428253.1	537	60030976
231	ENST00000437086.5	2071	60293120
232	ENST00000434318.1	1165	60555264
233	ENST00000400585.6	4833	60817408
234	ENST00000342247.9	6178	61079552
235	ENST00000262608.12	4783	61341696
236	ENST00000612582.1	9645	61603840
237	ENST00000355219.3	2144	61865984
238	ENST00000407422.8	1730	62128128
239	ENST00000644036.1	5210	62390272
240	ENST00000344921.11	1717	62652416
241	ENST00000647057.1	1401	62914560
242	ENST00000644619.1	1838	63176704
243	ENST00000263121.12	1500	63438848
244	ENST00000407082.4	595	63700992
245	ENST00000417137.6	889	63963136
246	ENST00000644462.1	2054	64225280
247	ENST00000634926.1	269	64487424
248	ENST00000635578.1	242	64749568
249	ENST00000642727.1	1001	65011712
250	ENST00000413302.6	3687	65273856
251	ENST00000442475.5	2513	65536000
252	ENST00000401443.5	1834	65798144
253	ENST00000452228.5	576	66060288
254	ENST00000432930.5	2150	66322432
255	ENST00000422210.5	2009	66584576
256	ENST00000406855.7	1063	66846720
257	ENST00000404056.1	3113	67108864
258	ENST00000318109.11	860	67371008
259	ENST00000476077.1	969	67633152
260	ENST00000403586.5	2307	67895296
261	ENST00000382932.2	2313	68157440
262	ENST00000426145.1	416	68419584
263	ENST00000399782.5	1381	68681728
264	ENST00000543133.5	4975	68943872
265	ENST00000611738.4	4817	69206016
266	ENST00000418951.6	5062	69468160
267	ENST00000616863.4	4761	69730304
268	ENST00000337612.9	4905	69992448
269	ENST00000618481.4	4961	70254592
270	ENST00000538149.5	4797	70516736
271	ENST00000317582.9	2992	70778880
272	ENST00000498133.5	2662	71041024
273	ENST00000493680.5	2112	71303168
274	ENST00000355028.4	4458	71565312
275	ENST00000399777.1	2677	71827456
276	ENST00000215770.5	1545	72089600
277	ENST00000398344.8	713	72351744
278	ENST00000350608.7	671	72613888
279	ENST00000428792.1	333	72876032
280	ENST00000403754.7	569	73138176
281	ENST00000430101.2	573	73400320
282	ENST00000621118.4	1112	73662464
283	ENST00000215781.2	1854	73924608
284	ENST00000403389.1	1000	74186752
285	ENST00000403463.1	464	74448896
286	ENST00000454754.5	1321	74711040
287	ENST00000263119.9	7222	74973184
288	ENST00000617531.4	7072	75235328
289	ENST00000405822.6	6952	75497472
290	ENST00000445422.5	1472	75759616
291	ENST00000398319.6	7480	76021760
292	ENST00000337989.11	2422	76283904
293	ENST00000215790.11	2077	76546048
294	ENST00000403477.7	1950	76808192
295	ENST00000403362.5	1833	77070336
296	ENST00000433426.5	2021	77332480
297	ENST00000437122.1	861	77594624
298	ENST00000393906.2	578	77856768
299	ENST00000358321.3	3404	78118912
300	ENST00000215793.12	5143	78381056
301	ENST00000411423.1	548	78643200
302	ENST00000444440.1	777	78905344
303	ENST00000447376.1	418	79167488
304	ENST00000263112.11	2334	79429632
305	ENST00000327365.8	2494	79691776
306	ENST00000425408.5	972	79953920
307	ENST00000398292.3	2408	80216064
308	ENST00000424217.1	576	80478208
309	ENST00000332468.5	8141	80740352
310	ENST00000619645.1	555	81002496
311	ENST00000631046.2	468	81264640
312	ENST00000630264.1	534	81526784
313	ENST00000421022.1	361	81788928
314	ENST00000382363.7	1992	82051072
315	ENST00000215798.10	1651	82313216
316	ENST00000431544.2	535	82575360
317	ENST00000615189.4	4382	82837504
318	ENST00000428195.5	871	83099648
319	ENST00000617837.4	2632	83361792
320	ENST00000437022.5	556	83623936
321	ENST00000452649.1	674	83886080
322	ENST00000405717.7	1733	84148224
323	ENST00000402592.7	1229	84410368
324	ENST00000429917.5	565	84672512
325	ENST00000415072.1	485	84934656
326	ENST00000403066.5	2474	85196800
327	ENST00000215812.8	2086	85458944
328	ENST00000540910.5	2113	85721088
329	ENST00000402286.5	1964	85983232
330	ENST00000434642.5	1864	86245376
331	ENST00000401751.5	1794	86507520
332	ENST00000435069.1	693	86769664
333	ENST00000437398.5	6674	87031808
334	ENST00000421374.5	2565	87293952
335	ENST00000314328.13	6756	87556096
336	ENST00000541492.1	3525	87818240
337	ENST00000440893.1	612	88080384
338	ENST00000335025.12	4929	88342528
339	ENST00000398831.7	2574	88604672
340	ENST00000626352.2	2625	88866816
341	ENST00000458567.5	557	89128960
342	ENST00000417788.5	4213	89391104
343	ENST00000406385.1	3875	89653248
344	ENST00000415388.5	3154	89915392
345	ENST00000326010.9	2290	90177536
346	ENST00000382760.2	1928	90439680
347	ENST00000339468.7	4329	90701824
348	ENST00000403503.1	466	90963968
349	ENST00000215829.7	1763	91226112
350	ENST00000402849.5	567	91488256
351	ENST00000404603.5	715	91750400
352	ENST00000439775.1	640	92012544
353	ENST00000354694.11	2295	92274688
354	ENST00000402281.5	2760	92536832
355	ENST00000441668.5	999	92798976
356	ENST00000405677.5	2708	93061120
357	ENST00000402284.7	2144	93323264
358	ENST00000335214.8	1988	93585408
359	ENST00000406208.7	871	93847552
360	ENST00000215832.10	11022	94109696
361	ENST00000398822.7	1487	94371840
362	ENST00000544786.1	951	94633984
363	ENST00000248923.8	2326	94896128
364	ENST00000456869.5	597	95158272
365	ENST00000411974.5	758	95420416
366	ENST00000412658.5	2091	95682560
367	ENST00000445029.5	606	95944704
368	ENST00000419133.5	1078	96206848
369	ENST00000400382.5	2628	96468992
370	ENST00000438643.6	537	96731136
371	ENST00000452551.5	811	96993280
372	ENST00000412898.5	831	97255424
373	ENST00000400380.5	2540	97517568
374	ENST00000455483.5	579	97779712
375	ENST00000430289.5	929	98041856
376	ENST00000447416.5	743	98304000
377	ENST00000432867.5	747	98566144
378	ENST00000451366.5	853	98828288
379	ENST00000428855.5	874	99090432
380	ENST00000425895.5	2632	99352576
381	ENST00000401885.5	968	99614720
382	ENST00000404532.5	853	99876864
383	ENST00000403838.5	1033	100139008
384	ENST00000404223.5	952	100401152
385	ENST00000404920.1	657	100663296
386	ENST00000610940.4	2405	100925440
387	ENST00000420436.5	2034	101187584
388	ENST00000334029.6	1985	101449728
389	ENST00000357068.10	2462	101711872
390	ENST00000438924.5	553	101974016
391	ENST00000450579.1	594	102236160
392	ENST00000457083.1	491	102498304
393	ENST00000263212.9	5143	102760448
394	ENST00000407142.5	5587	103022592
395	ENST00000397495.8	1778	103284736
396	ENST00000445205.1	650	103546880
397	ENST00000424647.1	576	103809024
398	ENST00000343605.4	2714	104071168
399	ENST00000406566.1	2081	104333312
400	ENST00000451479.1	2030	104595456
401	ENST00000357179.9	2863	104857600
402	ENST00000457270.5	2956	105119744
403	ENST00000457179.5	3061	105381888
404	ENST00000398793.6	3107	105644032
405	ENST00000444502.5	4163	105906176
406	ENST00000436282.1	2890	106168320
407	ENST00000424393.5	824	106430464
408	ENST00000437929.5	550	106692608
409	ENST00000430142.5	582	106954752
410	ENST00000456075.5	561	107216896
411	ENST00000449704.5	543	107479040
412	ENST00000442653.1	400	107741184
413	ENST00000437103.1	571	108003328
414	ENST00000434517.1	736	108265472
415	ENST00000215855.6	867	108527616
416	ENST00000404334.1	601	108789760
417	ENST00000457992.5	652	109051904
418	ENST00000248901.10	3206	109314048
419	ENST00000402997.5	633	109576192
420	ENST00000405206.3	636	109838336
421	ENST00000446506.1	569	110100480
422	ENST00000252137.10	5392	110362624
423	ENST00000434568.5	1808	110624768
424	ENST00000416983.7	2034	110886912
425	ENST00000356998.7	2088	111149056
426	ENST00000454291.1	570	111411200
427	ENST00000438891.5	966	111673344
428	ENST00000436341.5	644	111935488
429	ENST00000430411.1	864	112197632
430	ENST00000442496.1	524	112459776
431	ENST00000424765.2	570	112721920
432	ENST00000403299.5	4113	112984064
433	ENST00000406271.7	3127	113246208
434	ENST00000251973.9	3934	113508352
435	ENST00000437756.5	2140	113770496
436	ENST00000433485.1	578	114032640
437	ENST00000610821.4	3602	114294784
438	ENST00000402859.6	1661	114556928
439	ENST00000215882.9	1648	114819072
440	ENST00000451283.5	1514	115081216
441	ENST00000324198.10	9103	115343360
442	ENST00000619906.4	2873	115605504
443	ENST00000455558.2	657	115867648
444	ENST00000215885.3	2697	116129792
445	ENST00000215886.5	591	116391936
446	ENST00000416480.1	406	116654080
447	ENST00000343632.8	3159	116916224
448	ENST00000381756.9	2107	117178368
449	ENST00000405147.7	575	117440512
450	ENST00000429218.5	566	117702656
451	ENST00000325180.12	2528	117964800
452	ENST00000439161.5	568	118226944
453	ENST00000449944.5	927	118489088
454	ENST00000411501.5	661	118751232
455	ENST00000453208.5	639	119013376
456	ENST00000447515.5	577	119275520
457	ENST00000406772.5	3205	119537664
458	ENST00000431745.5	483	119799808
459	ENST00000326597.6	946	120061952
460	ENST00000413251.5	565	120324096
461	ENST00000423024.1	559	120586240
462	ENST00000340170.8	3395	120848384
463	ENST00000263208.5	4053	121110528
464	ENST00000452818.1	453	121372672
465	ENST00000417536.5	2858	121634816
466	ENST00000357436.5	2854	121896960
467	ENST00000649765.1	2660	122159104
468	ENST00000643339.1	1164	122421248
469	ENST00000649107.1	616	122683392
470	ENST00000404234.7	3444	122945536
471	ENST00000529632.6	6534	123207680
472	ENST00000360929.7	6307	123469824
473	ENST00000629590.2	3215	123731968
474	ENST00000248933.10	3248	123994112
475	ENST00000343706.8	2898	124256256
476	ENST00000403121.5	3078	124518400
477	ENST00000402979.1	3306	124780544
478	ENST00000215909.9	560	125042688
479	ENST00000425542.5	637	125304832
480	ENST00000454173.1	331	125566976
481	ENST00000398145.6	4497	125829120
482	ENST00000429411.5	3492	126091264
483	ENST00000464362.5	4277	126353408
484	ENST00000402105.7	3562	126615552
485	ENST00000336873.9	3786	126877696
486	ENST00000439453.5	3936	127139840
487	ENST00000422379.2	1942	127401984
488	ENST00000215912.9	2467	127664128
489	ENST00000441972.5	2374	127926272
490	ENST00000402249.7	999	128188416
491	ENST00000443175.1	578	128450560
492	ENST00000455236.4	4904	128712704
493	ENST00000215917.11	4020	128974848
494	ENST00000266269.9	3781	129236992
495	ENST00000405309.7	3711	129499136
496	ENST00000351933.8	3638	129761280
497	ENST00000215919.3	2516	130023424
498	ENST00000406386.8	10145	130285568
499	ENST00000644935.1	10085	130547712
500	ENST00000344404.10	7300	130809856
501	ENST00000407319.6	2125	131072000
502	ENST00000403663.6	2324	131334144
503	ENST00000646328.1	1723	131596288
504	ENST00000428075.5	931	131858432
505	ENST00000413051.2	904	132120576
506	ENST00000418339.5	939	132382720
507	ENST00000452519.5	586	132644864
508	ENST00000417857.1	919	132907008
509	ENST00000619735.4	3402	133169152
510	ENST00000407690.5	3586	133431296
511	ENST00000407431.5	2974	133693440
512	ENST00000407148.5	2789	133955584
513	ENST00000405938.5	2896	134217728
514	ENST00000450493.1	571	134479872
515	ENST00000455080.5	638	134742016
516	ENST00000418876.5	563	135004160
517	ENST00000420242.5	525	135266304
518	ENST00000440258.1	595	135528448
519	ENST00000323205.10	1656	135790592
520	ENST00000248924.10	1497	136052736
521	ENST00000445195.5	583	136314880
522	ENST00000426858.1	558	136577024
523	ENST00000451984.1	716	136839168
524	ENST00000618722.4	1047	137101312
525	ENST00000613850.4	973	137363456
526	ENST00000480559.5	657	137625600
527	ENST00000448514.1	678	137887744
528	ENST00000647684.1	1041	138149888
529	ENST00000215939.2	1102	138412032
530	ENST00000215941.8	2184	138674176
531	ENST00000406423.5	954	138936320
532	ENST00000609454.5	825	139198464
533	ENST00000411961.6	946	139460608
534	ENST00000458278.6	623	139722752
535	ENST00000407117.6	789	139984896
536	ENST00000413497.5	794	140247040
537	ENST00000424350.5	597	140509184
538	ENST00000434930.1	735	140771328
539	ENST00000412331.6	3220	141033472
540	ENST00000624234.3	2091	141295616
541	ENST00000439997.5	787	141557760
542	ENST00000381683.10	1599	141819904
543	ENST00000414316.5	581	142082048
544	ENST00000436452.6	574	142344192
545	ENST00000406934.5	2282	142606336
546	ENST00000451427.1	583	142868480
547	ENST00000450376.1	520	143130624
548	ENST00000355257.7	1503	143392768
549	ENST00000401959.6	1458	143654912
550	ENST00000648674.1	1036	143917056
551	ENST00000215956.10	877	144179200
552	ENST00000463675.6	788	144441344
553	ENST00000649479.1	708	144703488
554	ENST00000648350.1	948	144965632
555	ENST00000402458.1	462	145227776
556	ENST00000469028.2	898	145489920
557	ENST00000649722.1	542	145752064
558	ENST00000469522.1	640	146014208
559	ENST00000445494.5	808	146276352
560	ENST00000215957.10	4710	146538496
561	ENST00000454685.5	1108	146800640
562	ENST00000424008.1	918	147062784
563	ENST00000442738.6	2106	147324928
564	ENST00000460648.5	518	147587072
565	ENST00000407936.5	582	147849216
566	ENST00000488684.5	564	148111360
567	ENST00000492213.5	550	148373504
568	ENST00000483713.5	615	148635648
569	ENST00000443002.5	1890	148897792
570	ENST00000606538.5	760	149159936
571	ENST00000405557.5	560	149422080
572	ENST00000470701.1	584	149684224
573	ENST00000333418.4	811	149946368
574	ENST00000427034.1	883	150208512
575	ENST00000446929.5	1095	150470656
576	ENST00000396884.6	2879	150732800
577	ENST00000360880.6	2861	150994944
578	ENST00000427770.1	873	151257088
579	ENST00000402061.7	525	151519232
580	ENST00000255784.5	1270	151781376
581	ENST00000535622.6	5197	152043520
582	ENST00000645693.1	2403	152305664
583	ENST00000642974.1	2682	152567808
584	ENST00000645711.1	5450	152829952
585	ENST00000644331.1	5383	153092096
586	ENST00000645560.1	5207	153354240
587	ENST00000437411.6	1478	153616384
588	ENST00000645755.1	5214	153878528
589	ENST00000433147.2	5331	154140672
590	ENST00000646755.1	2317	154402816
591	ENST00000644162.1	5224	154664960
592	ENST00000382112.8	5390	154927104
593	ENST00000647438.1	2221	155189248
594	ENST00000400248.7	5319	155451392
595	ENST00000642771.1	5301	155713536
596	ENST00000646515.1	5472	155975680
597	ENST00000456178.6	549	156237824
598	ENST00000643751.1	4670	156499968
599	ENST00000646969.1	5286	156762112
600	ENST00000642696.1	6479	157024256
601	ENST00000647343.1	4664	157286400
602	ENST00000642684.1	5410	157548544
603	ENST00000400242.8	2448	157810688
604	ENST00000645015.1	1278	158072832
605	ENST00000646998.1	5302	158334976
606	ENST00000400246.6	5424	158597120
607	ENST00000645494.1	5371	158859264
608	ENST00000645564.1	2542	159121408
609	ENST00000646465.1	5258	159383552
610	ENST00000643395.1	4790	159645696
611	ENST00000400249.7	5350	159907840
612	ENST00000645967.1	1675	160169984
613	ENST00000382111.6	5212	160432128
614	ENST00000645407.1	5010	160694272
615	ENST00000458532.2	914	160956416
616	ENST00000469974.6	880	161218560
617	ENST00000473802.1	503	161480704
618	ENST00000448753.6	3256	161742848
619	ENST00000645547.1	2084	162004992
620	ENST00000497340.1	288	162267136
621	ENST00000445628.5	631	162529280
622	ENST00000404072.7	2164	162791424
623	ENST00000424694.5	954	163053568
624	ENST00000437453.5	544	163315712
625	ENST00000426258.5	555	163577856
626	ENST00000356976.7	2055	163840000
627	ENST00000435166.1	559	164102144
628	ENST00000432756.6	582	164364288
629	ENST00000612946.4	11274	164626432
630	ENST00000397906.6	11795	164888576
631	ENST00000431039.1	905	165150720
632	ENST00000442232.1	499	165412864
633	ENST00000320521.9	1878	165675008
634	ENST00000427592.1	726	165937152
635	ENST00000215980.9	966	166199296
636	ENST00000472374.6	541	166461440
637	ENST00000404067.5	905	166723584
638	ENST00000402338.5	1002	166985728
639	ENST00000407253.7	818	167247872
640	ENST00000402420.1	688	167510016
641	ENST00000644076.1	4047	167772160
642	ENST00000449288.5	876	168034304
643	ENST00000396426.7	2586	168296448
644	ENST00000406029.5	1866	168558592
645	ENST00000396425.7	4649	168820736
646	ENST00000396417.2	1896	169082880
647	ENST00000266088.8	5061	169345024
648	ENST00000543737.2	4752	169607168
649	ENST00000266086.5	2030	169869312
650	ENST00000216014.8	1728	170131456
651	ENST00000409006.3	931	170393600
652	ENST00000360124.9	1187	170655744
653	ENST00000645361.1	1583	170917888
654	ENST00000645508.1	1659	171180032
655	ENST00000360608.9	1684	171442176
656	ENST00000389970.7	1714	171704320
657	ENST00000359033.4	1433	171966464
658	ENST00000396821.7	4791	172228608
659	ENST00000403230.1	2322	172490752
660	ENST00000640332.1	2190	172752896
661	ENST00000640668.1	2196	173015040
662	ENST00000475004.6	443	173277184
663	ENST00000428462.6	2082	173539328
664	ENST00000216024.6	2371	173801472
665	ENST00000439567.5	721	174063616
666	ENST00000616615.4	1595	174325760
667	ENST00000415483.1	569	174587904
668	ENST00000359486.7	7410	174850048
669	ENST00000335626.8	6237	175112192
670	ENST00000404876.1	1058	175374336
671	ENST00000515426.1	633	175636480
672	ENST00000216027.7	1114	175898624
673	ENST00000450178.5	1048	176160768
674	ENST00000398941.6	955	176422912
675	ENST00000420442.5	792	176685056
676	ENST00000411557.5	615	176947200
677	ENST00000396811.6	1269	177209344
678	ENST00000216029.7	1133	177471488
679	ENST00000416285.5	744	177733632
680	ENST00000619293.1	1118	177995776
681	ENST00000216034.5	2040	178257920
682	ENST00000216036.8	1291	178520064
683	ENST00000421213.1	323	178782208
684	ENST00000439064.1	695	179044352
685	ENST00000452757.5	509	179306496
686	ENST00000406876.1	519	179568640
687	ENST00000216037.10	1850	179830784
688	ENST00000403532.7	1824	180092928
689	ENST00000611155.4	1794	180355072
690	ENST00000405219.7	1690	180617216
691	ENST00000344347.5	1131	180879360
692	ENST00000216038.5	2027	181141504
693	ENST00000216039.9	3648	181403648
694	ENST00000545590.1	647	181665792
695	ENST00000427389.5	571	181927936
696	ENST00000412832.1	529	182190080
697	ENST00000417712.1	623	182452224
698	ENST00000456626.1	843	182714368
699	ENST00000266087.11	2195	182976512
700	ENST00000420700.5	1900	183238656
701	ENST00000425028.5	1921	183500800
702	ENST00000452138.3	1535	183762944
703	ENST00000397426.5	1888	184025088
704	ENST00000444207.1	747	184287232
705	ENST00000216044.9	5126	184549376
706	ENST00000484657.5	585	184811520
707	ENST00000418601.1	810	185073664
708	ENST00000488787.5	582	185335808
709	ENST00000470836.1	505	185597952
710	ENST00000458073.5	1350	185860096
711	ENST00000484971.1	582	186122240
712	ENST00000487538.1	358	186384384
713	ENST00000489527.1	418	186646528
714	ENST00000445215.5	3337	186908672
715	ENST00000348657.6	3323	187170816
716	ENST00000252115.9	3441	187432960
717	ENST00000617178.4	2006	187695104
718	ENST00000451060.6	3491	187957248
719	ENST00000339677.10	783	188219392
720	ENST00000454057.1	579	188481536
721	ENST00000263116.6	3828	188743680
722	ENST00000341989.8	936	189005824
723	ENST00000420895.1	554	189267968
724	ENST00000266085.6	4603	189530112
725	ENST00000359139.7	4035	189792256
726	ENST00000612753.4	4104	190054400
727	ENST00000395741.7	3304	190316544
728	ENST00000395744.7	3293	190578688
729	ENST00000216061.9	3415	190840832
730	ENST00000401672.7	2199	191102976
731	ENST00000427222.2	1811	191365120
732	ENST00000380817.7	8008	191627264
733	ENST00000348911.10	6045	191889408
734	ENST00000418590.3	1578	192151552
735	ENST00000405510.5	4055	192413696
736	ENST00000405018.5	4022	192675840
737	ENST00000406622.5	2725	192937984
738	ENST00000455125.1	872	193200128
739	ENST00000430185.5	454	193462272
740	ENST00000438058.5	1012	193724416
741	ENST00000456894.5	1074	193986560
742	ENST00000420859.5	538	194248704
743	ENST00000452294.5	621	194510848
744	ENST00000433561.5	444	194772992
745	ENST00000417332.5	545	195035136
746	ENST00000439339.1	546	195297280
747	ENST00000361740.8	2938	195559424
748	ENST00000352397.9	2124	195821568
749	ENST00000407623.7	2153	196083712
750	ENST00000407332.5	1849	196345856
751	ENST00000402438.5	1050	196608000
752	ENST00000438270.1	675	196870144
753	ENST00000216068.8	1504	197132288
754	ENST00000406199.3	631	197394432
755	ENST00000216071.4	995	197656576
756	ENST00000395733.7	1021	197918720
757	ENST00000216075.10	1130	198180864
758	ENST00000395732.7	1658	198443008
759	ENST00000451761.1	918	198705152
760	ENST00000474879.6	2582	198967296
761	ENST00000216080.5	2658	199229440
762	ENST00000216085.11	1794	199491584
763	ENST00000413137.6	1555	199753728
764	ENST00000414672.5	900	200015872
765	ENST00000406335.1	755	200278016
766	ENST00000507586.1	362	200540160
767	ENST00000337959.8	3149	200802304
768	ENST00000263246.7	3249	201064448
769	ENST00000407585.5	3080	201326592
770	ENST00000403744.7	2110	201588736
771	ENST00000402229.5	1883	201850880
772	ENST00000634914.1	1431	202113024
773	ENST00000453643.5	818	202375168
774	ENST00000418133.5	622	202637312
775	ENST00000422336.5	664	202899456
776	ENST00000453079.1	505	203161600
777	ENST00000439248.5	1659	203423744
778	ENST00000266254.11	1645	203685888
779	ENST00000440761.1	1683	203948032
780	ENST00000331018.8	1185	204210176
781	ENST00000401450.3	1720	204472320
782	ENST00000216101.6	1490	204734464
783	ENST00000432560.6	4146	204996608
784	ENST00000357586.6	4176	205258752
785	ENST00000405198.5	3838	205520896
786	ENST00000317368.11	3903	205783040
787	ENST00000402502.5	2935	206045184
788	ENST00000415447.5	2838	206307328
789	ENST00000421126.5	1908	206569472
790	ENST00000415756.1	519	206831616
791	ENST00000420166.5	1257	207093760
792	ENST00000418170.5	4216	207355904
793	ENST00000455359.5	1325	207618048
794	ENST00000216106.5	4047	207880192
795	ENST00000608749.5	553	208142336
796	ENST00000447733.5	2317	208404480
797	ENST00000608674.5	541	208666624
798	ENST00000456128.5	1133	208928768
799	ENST00000411850.5	2390	209190912
800	ENST00000425375.5	2252	209453056
801	ENST00000449058.6	2389	209715200
802	ENST00000404284.6	2622	209977344
803	ENST00000382034.9	1300	210239488
804	ENST00000439512.5	800	210501632
805	ENST00000424387.5	2211	210763776
806	ENST00000395736.7	560	211025920
807	ENST00000449508.1	593	211288064
808	ENST00000443206.2	567	211550208
809	ENST00000310624.6	3783	211812352
810	ENST00000406938.2	1638	212074496
811	ENST00000216115.2	953	212336640
812	ENST00000412893.5	921	212598784
813	ENST00000216117.8	1822	212860928
814	ENST00000290429.10	2056	213123072
815	ENST00000327555.5	1134	213385216
816	ENST00000608052.1	459	213647360
817	ENST00000490103.5	4753	213909504
818	ENST00000397872.5	2676	214171648
819	ENST00000397871.5	2560	214433792
820	ENST00000442555.5	3012	214695936
821	ENST00000358079.8	2427	214958080
822	ENST00000397873.6	2374	215220224
823	ENST00000443089.5	786	215482368
824	ENST00000440771.5	1006	215744512
825	ENST00000455450.5	579	216006656
826	ENST00000428374.5	729	216268800
827	ENST00000414902.5	484	216530944
828	ENST00000418021.1	738	216793088
829	ENST00000216122.8	3534	217055232
830	ENST00000451351.5	450	217317376
831	ENST00000382011.9	2402	217579520
832	ENST00000416905.1	739	217841664
833	ENST00000444778.1	551	218103808
834	ENST00000421988.6	592	218365952
835	ENST00000613677.4	730	218628096
836	ENST00000348946.8	1046	218890240
837	ENST00000401756.5	1023	219152384
838	ENST00000442487.7	988	219414528
839	ENST00000613996.1	465	219676672
840	ENST00000608497.1	576	219938816
841	ENST00000356098.9	1895	220200960
842	ENST00000216124.9	2050	220463104
843	ENST00000395621.7	1918	220725248
844	ENST00000453344.6	1650	220987392
845	ENST00000395619.3	1824	221249536
846	ENST00000337554.7	881	221511680
847	ENST00000583777.5	636	221773824
848	ENST00000428336.5	672	222035968
849	ENST00000329563.8	955	222298112
850	ENST00000396265.4	1075	222560256
851	ENST00000216127.4	3412	222822400
852	ENST00000216129.6	3385	223084544
853	ENST00000494035.1	888	223346688
854	ENST00000216133.9	4081	223608832
855	ENST00000401405.7	784	223870976
856	ENST00000434260.1	472	224133120
857	ENST00000331163.10	3497	224395264
858	ENST00000381551.8	1125	224657408
859	ENST00000455790.5	554	224919552
860	ENST00000440375.1	556	225181696
861	ENST00000216139.9	1433	225443840
862	ENST00000529621.1	708	225705984
863	ENST00000216144.3	3259	225968128
864	ENST00000401609.5	1289	226230272
865	ENST00000216146.8	1442	226492416
866	ENST00000402527.5	1205	226754560
867	ENST00000453303.5	916	227016704
868	ENST00000427905.5	782	227278848
869	ENST00000420536.1	711	227540992
870	ENST00000344318.3	899	227803136
871	ENST00000405409.6	6932	228065280
872	ENST00000414461.6	1706	228327424
873	ENST00000449924.6	1935	228589568
874	ENST00000262829.11	1538	228851712
875	ENST00000397303.6	1354	229113856
876	ENST00000359369.8	1409	229376000
877	ENST00000416721.6	1254	229638144
878	ENST00000495377.6	733	229900288
879	ENST00000438146.6	1356	230162432
880	ENST00000473487.6	789	230424576
881	ENST00000408983.2	663	230686720
882	ENST00000397305.3	759	230948864
883	ENST00000318801.8	1361	231211008
884	ENST00000216155.11	497	231473152
885	ENST00000415332.1	928	231735296
886	ENST00000406293.7	564	231997440
887	ENST00000328933.9	4391	232259584
888	ENST00000381535.4	1295	232521728
889	ENST00000216160.10	3237	232783872
890	ENST00000331454.3	1660	233046016
891	ENST00000307790.7	2793	233308160
892	ENST00000542393.5	2594	233570304
893	ENST00000458594.5	2753	233832448
894	ENST00000397771.6	2823	234094592
895	ENST00000411532.1	261	234356736
896	ENST00000449900.6	580	234618880
897	ENST00000431535.5	873	234881024
898	ENST00000453160.5	529	235143168
899	ENST00000454854.5	469	235405312
900	ENST00000401950.6	6018	235667456
901	ENST00000333027.7	8906	235929600
902	ENST00000445401.5	665	236191744
903	ENST00000323630.9	5866	236453888
904	ENST00000351488.7	4464	236716032
905	ENST00000406629.1	3758	236978176
906	ENST00000402881.5	2269	237240320
907	ENST00000433117.6	3838	237502464
908	ENST00000325301.6	5625	237764608
909	ENST00000404569.5	3797	238026752
910	ENST00000434364.5	744	238288896
911	ENST00000428069.1	1379	238551040
912	ENST00000352371.5	3227	238813184
913	ENST00000616056.4	3423	239075328
914	ENST00000332987.5	1825	239337472
915	ENST00000493203.6	616	239599616
916	ENST00000457630.6	520	239861760
917	ENST00000419360.5	543	240123904
918	ENST00000397275.6	845	240386048
919	ENST00000328429.8	844	240648192
920	ENST00000436763.1	512	240910336
921	ENST00000597664.5	2537	241172480
922	ENST00000216177.8	2539	241434624
923	ENST00000593866.5	2197	241696768
924	ENST00000381198.6	2000	241958912
925	ENST00000438734.1	921	242221056
926	ENST00000397278.7	2918	242483200
927	ENST00000422706.5	2901	242745344
928	ENST00000426053.5	2808	243007488
929	ENST00000319136.8	3000	243269632
930	ENST00000422471.5	561	243531776
931	ENST00000438034.5	566	243793920
932	ENST00000439680.5	531	244056064
933	ENST00000427990.5	624	244318208
934	ENST00000397279.8	1564	244580352
935	ENST00000433768.5	541	244842496
936	ENST00000431184.1	550	245104640
937	ENST00000216180.7	2805	245366784
938	ENST00000406117.6	1480	245628928
939	ENST00000423180.2	2222	245891072
940	ENST00000216181.10	7554	246153216
941	ENST00000401701.1	789	246415360
942	ENST00000456729.1	449	246677504
943	ENST00000407673.5	5952	246939648
944	ENST00000401624.5	6740	247201792
945	ENST00000404898.5	9892	247463936
946	ENST00000402142.3	10004	247726080
947	ENST00000350028.4	1717	247988224
948	ENST00000216185.6	1736	248250368
949	ENST00000416967.1	1280	248512512
950	ENST00000403313.5	912	248774656
951	ENST00000411915.1	570	249036800
952	ENST00000397224.8	4967	249298944
953	ENST00000216187.10	3933	249561088
954	ENST00000397223.4	2184	249823232
955	ENST00000423980.1	567	250085376
956	ENST00000344138.8	3893	250347520
957	ENST00000420971.5	568	250609664
958	ENST00000407075.3	1304	250871808
959	ENST00000216190.12	2155	251133952
960	ENST00000478547.1	452	251396096
961	ENST00000405442.5	1851	251658240
962	ENST00000458572.1	883	251920384
963	ENST00000455547.5	996	252182528
964	ENST00000457241.5	729	252444672
965	ENST00000402116.2	581	252706816
966	ENST00000441751.5	415	252968960
967	ENST00000301923.13	15958	253231104
968	ENST00000402203.5	3444	253493248
969	ENST00000454349.6	18279	253755392
970	ENST00000335727.13	17933	254017536
971	ENST00000446273.1	4741	254279680
972	ENST00000457767.5	1086	254541824
973	ENST00000248929.13	2969	254803968
974	ENST00000427834.5	793	255066112
975	ENST00000417424.1	666	255328256
976	ENST00000340630.9	1113	255590400
977	ENST00000433985.6	1095	255852544
978	ENST00000415653.5	660	256114688
979	ENST00000417951.6	946	256376832
980	ENST00000430701.5	531	256638976
981	ENST00000440696.2	813	256901120
982	ENST00000417718.6	569	257163264
983	ENST00000216200.9	595	257425408
984	ENST00000406910.6	568	257687552
985	ENST00000404171.1	422	257949696
986	ENST00000443735.1	470	258211840
987	ENST00000336156.9	8119	258473984
988	ENST00000423262.5	2218	258736128
989	ENST00000251993.11	2723	258998272
990	ENST00000391627.6	2623	259260416
991	ENST00000440039.5	821	259522560
992	ENST00000414854.5	556	259784704
993	ENST00000424508.5	625	260046848
994	ENST00000417906.1	516	260308992
995	ENST00000496226.1	589	260571136
996	ENST00000492273.1	403	260833280
997	ENST00000447071.5	906	261095424
998	ENST00000248899.10	1396	261357568
999	ENST00000397147.6	1641	261619712
1000	ENST00000403662.7	4863	261881856
1001	ENST00000262825.9	4087	262144000
1002	ENST00000406230.5	2895	262406144
1003	ENST00000421539.1	969	262668288
1004	ENST00000263255.10	2058	262930432
1005	ENST00000435456.6	2262	263192576
1006	ENST00000544408.5	2060	263454720
1007	ENST00000402844.7	2405	263716864
1008	ENST00000447566.5	1243	263979008
1009	ENST00000420970.5	1060	264241152
1010	ENST00000430221.5	734	264503296
1011	ENST00000427084.5	749	264765440
1012	ENST00000458600.5	801	265027584
1013	ENST00000443810.5	593	265289728
1014	ENST00000412879.5	561	265551872
1015	ENST00000426396.5	641	265814016
1016	ENST00000434193.5	598	266076160
1017	ENST00000449676.5	533	266338304
1018	ENST00000434185.1	565	266600448
1019	ENST00000216211.8	1051	266862592
1020	ENST00000396082.2	627	267124736
1021	ENST00000216214.7	3458	267386880
1022	ENST00000441876.6	1776	267649024
1023	ENST00000405673.5	1612	267911168
1024	ENST00000427777.1	521	268173312
1025	ENST00000452238.5	583	268435456
1026	ENST00000424557.1	549	268697600
1027	ENST00000610767.4	1502	268959744
1028	ENST00000402077.7	1691	269221888
1029	ENST00000403888.7	1763	269484032
1030	ENST00000421900.5	451	269746176
1031	ENST00000456470.1	1438	270008320
1032	ENST00000431531.1	559	270270464
1033	ENST00000216218.7	3595	270532608
1034	ENST00000620312.4	944	270794752
1035	ENST00000455824.1	798	271056896
1036	ENST00000413424.5	630	271319040
1037	ENST00000411695.1	549	271581184
1038	ENST00000216223.9	4113	271843328
1039	ENST00000453962.5	660	272105472
1040	ENST00000429622.5	569	272367616
1041	ENST00000440958.1	499	272629760
1042	ENST00000445595.1	587	272891904
1043	ENST00000216225.8	1188	273154048
1044	ENST00000263253.8	9587	273416192
1045	ENST00000634690.1	559	273678336
1046	ENST00000634728.1	401	273940480
1047	ENST00000216237.9	3296	274202624
1048	ENST00000453659.1	531	274464768
1049	ENST00000452106.5	3282	274726912
1050	ENST00000449635.5	864	274989056
1051	ENST00000450939.1	946	275251200
1052	ENST00000417999.5	2248	275513344
1053	ENST00000216241.13	2533	275775488
1054	ENST00000455425.1	758	276037632
1055	ENST00000405486.5	3469	276299776
1056	ENST00000356244.7	3060	276561920
1057	ENST00000455915.6	4222	276824064
1058	ENST00000446258.5	759	277086208
1059	ENST00000452543.5	603	277348352
1060	ENST00000418067.1	650	277610496
1061	ENST00000422838.1	946	277872640
1062	ENST00000352645.4	5909	278134784
1063	ENST00000216252.3	1086	278396928
1064	ENST00000216254.8	2741	278659072
1065	ENST00000396512.3	2811	278921216
1066	ENST00000396504.6	4176	279183360
1067	ENST00000355209.8	4416	279445504
1068	ENST00000337566.9	1330	279707648
1069	ENST00000431534.5	1464	279969792
1070	ENST00000432789.1	1598	280231936
1071	ENST00000407461.5	802	280494080
1072	ENST00000442616.1	553	280756224
1073	ENST00000441818.5	1793	281018368
1074	ENST00000456595.5	1688	281280512
1075	ENST00000381021.7	1830	281542656
1076	ENST00000453630.5	1775	281804800
1077	ENST00000457572.5	1882	282066944
1078	ENST00000290846.8	1940	282329088
1079	ENST00000645190.1	1651	282591232
1080	ENST00000647301.1	1688	282853376
1081	ENST00000642562.1	347	283115520
1082	ENST00000381019.3	1381	283377664
1083	ENST00000642923.1	1232	283639808
1084	ENST00000644006.1	1258	283901952
1085	ENST00000643137.1	1633	284164096
1086	ENST00000216259.7	1298	284426240
1087	ENST00000414636.1	567	284688384
1088	ENST00000263256.6	3833	284950528
1089	ENST00000216264.12	4450	285212672
1090	ENST00000443629.5	1760	285474816
1091	ENST00000438393.5	3051	285736960
1092	ENST00000216267.12	4614	285999104
1093	ENST00000404034.5	4312	286261248
1094	ENST00000404760.5	4550	286523392
1095	ENST00000457780.3	4997	286785536
1096	ENST00000216268.5	6893	287047680
1097	ENST00000395876.6	3601	287309824
1098	ENST00000311597.9	3933	287571968
1099	ENST00000442311.1	758	287834112
1100	ENST00000415993.5	2375	288096256
1101	ENST00000216271.9	2687	288358400
1102	ENST00000626012.2	2607	288620544
1103	ENST00000429374.5	1634	288882688
1104	ENST00000454936.5	1922	289144832
1105	ENST00000448072.5	2133	289406976
1106	ENST00000349505.4	1950	289669120
1107	ENST00000248846.9	5612	289931264
1108	ENST00000439308.6	6078	290193408
1109	ENST00000425018.1	1509	290455552
1110	ENST00000434349.1	830	290717696
1111	ENST00000395738.2	4276	290979840
1112	ENST00000395737.1	535	291241984
1113	ENST00000248879.7	1154	291504128
1114	ENST00000405465.3	962	291766272
1115	ENST00000443409.1	935	292028416
1116	ENST00000351989.7	4514	292290560
1117	ENST00000383024.6	4419	292552704
1118	ENST00000457069.1	770	292814848
1119	ENST00000407755.1	4129	293076992
1120	ENST00000215906.5	3357	293339136
1121	ENST00000398465.3	503	293601280
1122	ENST00000248948.3	610	293863424
1123	ENST00000248958.4	865	294125568
1124	ENST00000406955.5	1635	294387712
1125	ENST00000402321.5	1908	294649856
1126	ENST00000402369.5	1712	294912000
1127	ENST00000338911.6	1782	295174144
1128	ENST00000401975.5	1791	295436288
1129	ENST00000406361.5	1819	295698432
1130	ENST00000441967.5	894	295960576
1131	ENST00000431313.5	851	296222720
1132	ENST00000452827.5	882	296484864
1133	ENST00000437282.5	755	296747008
1134	ENST00000416358.5	582	297009152
1135	ENST00000427899.5	533	297271296
1136	ENST00000423299.5	656	297533440
1137	ENST00000443136.5	584	297795584
1138	ENST00000423371.5	639	298057728
1139	ENST00000428682.5	553	298319872
1140	ENST00000453479.1	639	298582016
1141	ENST00000426220.5	563	298844160
1142	ENST00000447224.5	567	299106304
1143	ENST00000411821.5	572	299368448
1144	ENST00000445645.5	567	299630592
1145	ENST00000448604.1	575	299892736
1146	ENST00000248975.5	1825	300154880
1147	ENST00000443669.5	822	300417024
1148	ENST00000397492.1	1879	300679168
1149	ENST00000420430.1	502	300941312
1150	ENST00000354373.2	1496	301203456
1151	ENST00000248980.8	1496	301465600
1152	ENST00000248983.8	1474	301727744
1153	ENST00000626996.2	1445	301989888
1154	ENST00000400237.2	2407	302252032
1155	ENST00000628378.1	1171	302514176
1156	ENST00000615612.1	3333	302776320
1157	ENST00000341184.6	5062	303038464
1158	ENST00000429402.1	569	303300608
1159	ENST00000418314.1	552	303562752
1160	ENST00000424232.5	569	303824896
1161	ENST00000611543.4	2412	304087040
1162	ENST00000486108.1	926	304349184
1163	ENST00000464977.5	558	304611328
1164	ENST00000444262.6	1517	304873472
1165	ENST00000496258.1	689	305135616
1166	ENST00000337539.11	2569	305397760
1167	ENST00000472248.5	718	305659904
1168	ENST00000610595.4	2736	305922048
1169	ENST00000618076.3	2630	306184192
1170	ENST00000436735.1	669	306446336
1171	ENST00000439591.1	560	306708480
1172	ENST00000404241.6	1910	306970624
1173	ENST00000337304.2	2019	307232768
1174	ENST00000396680.2	1419	307494912
1175	ENST00000642412.1	2141	307757056
1176	ENST00000401850.5	2321	308019200
1177	ENST00000249005.3	2019	308281344
1178	ENST00000381278.4	1956	308543488
1179	ENST00000397468.5	1214	308805632
1180	ENST00000249007.4	1488	309067776
1181	ENST00000249014.4	2181	309329920
1182	ENST00000430687.1	720	309592064
1183	ENST00000415670.1	588	309854208
1184	ENST00000434728.1	564	310116352
1185	ENST00000349314.6	2117	310378496
1186	ENST00000432700.5	2443	310640640
1187	ENST00000422426.5	2327	310902784
1188	ENST00000397289.6	2214	311164928
1189	ENST00000397293.6	2214	311427072
1190	ENST00000361710.6	3563	311689216
1191	ENST00000397287.6	3626	311951360
1192	ENST00000424878.3	1240	312213504
1193	ENST00000487355.5	1005	312475648
1194	ENST00000426939.6	576	312737792
1195	ENST00000531195.1	569	312999936
1196	ENST00000487783.5	547	313262080
1197	ENST00000530895.5	563	313524224
1198	ENST00000472303.1	462	313786368
1199	ENST00000531095.1	295	314048512
1200	ENST00000249016.4	2851	314310656
1201	ENST00000381433.2	1219	314572800
1202	ENST00000338754.8	5697	314834944
1203	ENST00000398110.6	1968	315097088
1204	ENST00000403880.5	2084	315359232
1205	ENST00000445720.1	675	315621376
1206	ENST00000442495.5	586	315883520
1207	ENST00000454778.5	582	316145664
1208	ENST00000440953.5	544	316407808
1209	ENST00000453117.1	514	316669952
1210	ENST00000450022.1	544	316932096
1211	ENST00000381669.7	2146	317194240
1212	ENST00000332536.9	2065	317456384
1213	ENST00000428572.1	751	317718528
1214	ENST00000401419.7	1345	317980672
1215	ENST00000404802.7	1453	318242816
1216	ENST00000341116.7	1504	318504960
1217	ENST00000429360.5	1331	318767104
1218	ENST00000404393.5	1329	319029248
1219	ENST00000397225.2	2116	319291392
1220	ENST00000628507.1	698	319553536
1221	ENST00000249041.2	1157	319815680
1222	ENST00000403892.7	1797	320077824
1223	ENST00000249042.7	1211	320339968
1224	ENST00000622841.1	1105	320602112
1225	ENST00000438203.1	451	320864256
1226	ENST00000249044.2	1438	321126400
1227	ENST00000249053.3	716	321388544
1228	ENST00000330377.2	901	321650688
1229	ENST00000438703.1	654	321912832
1230	ENST00000358502.9	2551	322174976
1231	ENST00000249066.10	2685	322437120
1232	ENST00000451256.6	1421	322699264
1233	ENST00000529194.5	611	322961408
1234	ENST00000454728.5	577	323223552
1235	ENST00000249071.10	1482	323485696
1236	ENST00000406508.5	893	323747840
1237	ENST00000405484.5	842	324009984
1238	ENST00000441619.5	705	324272128
1239	ENST00000401529.3	569	324534272
1240	ENST00000249075.3	3969	324796416
1241	ENST00000403987.3	592	325058560
1242	ENST00000619227.4	1777	325320704
1243	ENST00000403305.5	1517	325582848
1244	ENST00000249079.6	1560	325844992
1245	ENST00000403026.5	765	326107136
1246	ENST00000418863.5	563	326369280
1247	ENST00000422191.1	758	326631424
1248	ENST00000402255.5	1478	326893568
1249	ENST00000249116.6	1444	327155712
1250	ENST00000618553.1	1103	327417856
1251	ENST00000308521.9	2694	327680000
1252	ENST00000381565.2	616	327942144
1253	ENST00000614167.1	1479	328204288
1254	ENST00000648057.1	5133	328466432
1255	ENST00000395676.4	2990	328728576
1256	ENST00000395693.7	992	328990720
1257	ENST00000252785.3	992	329252864
1258	ENST00000252835.5	981	329515008
1259	ENST00000643195.1	948	329777152
1260	ENST00000330884.8	2468	330039296
1261	ENST00000432404.5	2239	330301440
1262	ENST00000422525.1	2561	330563584
1263	ENST00000381061.8	3135	330825728
1264	ENST00000252934.9	3329	331087872
1265	ENST00000640901.1	1185	331350016
1266	ENST00000435026.5	653	331612160
1267	ENST00000402380.3	564	331874304
1268	ENST00000253255.6	7693	332136448
1269	ENST00000253413.9	1402	332398592
1270	ENST00000399796.6	1208	332660736
1271	ENST00000399798.6	994	332922880
1272	ENST00000413576.1	800	333185024
1273	ENST00000397641.7	5181	333447168
1274	ENST00000429468.5	462	333709312
1275	ENST00000445980.5	766	333971456
1276	ENST00000215862.8	4469	334233600
1277	ENST00000608642.5	5368	334495744
1278	ENST00000610186.5	1736	334757888
1279	ENST00000609799.5	581	335020032
1280	ENST00000354992.6	4409	335282176
1281	ENST00000397394.6	4138	335544320
1282	ENST00000402320.5	3955	335806464
1283	ENST00000421768.1	658	336068608
1284	ENST00000430220.6	559	336330752
1285	ENST00000413114.5	773	336592896
1286	ENST00000434071.5	562	336855040
1287	ENST00000432776.5	560	337117184
1288	ENST00000423375.1	568	337379328
1289	ENST00000290765.8	1099	337641472
1290	ENST00000404172.3	819	337903616
1291	ENST00000536101.5	8051	338165760
1292	ENST00000335473.11	8565	338427904
1293	ENST00000407587.6	8090	338690048
1294	ENST00000539302.5	7774	338952192
1295	ENST00000543971.1	1768	339214336
1296	ENST00000540454.1	1099	339476480
1297	ENST00000345044.10	3219	339738624
1298	ENST00000403208.7	564	340000768
1299	ENST00000398356.6	2388	340262912
1300	ENST00000405847.5	730	340525056
1301	ENST00000255830.7	1436	340787200
1302	ENST00000611880.4	3264	341049344
1303	ENST00000423972.5	742	341311488
1304	ENST00000418102.5	559	341573632
1305	ENST00000436643.5	683	341835776
1306	ENST00000405340.6	2748	342097920
1307	ENST00000316185.8	1555	342360064
1308	ENST00000397110.6	1647	342622208
1309	ENST00000337843.6	2934	342884352
1310	ENST00000434784.1	975	343146496
1311	ENST00000405188.8	1845	343408640
1312	ENST00000401924.5	2366	343670784
1313	ENST00000333407.10	15561	343932928
1314	ENST00000473717.1	1917	344195072
1315	ENST00000255858.11	2499	344457216
1316	ENST00000321205.9	2564	344719360
1317	ENST00000320982.3	2575	344981504
1318	ENST00000381982.3	1603	345243648
1319	ENST00000621833.4	3584	345505792
1320	ENST00000407471.7	3482	345767936
1321	ENST00000435822.5	3613	346030080
1322	ENST00000398245.8	1593	346292224
1323	ENST00000404664.7	1606	346554368
1324	ENST00000447813.6	895	346816512
1325	ENST00000402766.5	865	347078656
1326	ENST00000407973.2	773	347340800
1327	ENST00000266182.10	2505	347602944
1328	ENST00000433387.1	2549	347865088
1329	ENST00000326132.10	3171	348127232
1330	ENST00000518626.5	2737	348389376
1331	ENST00000426256.6	3315	348651520
1332	ENST00000266252.8	2946	348913664
1333	ENST00000381176.4	6751	349175808
1334	ENST00000422871.5	3462	349437952
1335	ENST00000444313.7	3523	349700096
1336	ENST00000416291.5	309	349962240
1337	ENST00000417767.1	622	350224384
1338	ENST00000356909.7	1425	350486528
1339	ENST00000415224.5	999	350748672
1340	ENST00000466375.2	820	351010816
1341	ENST00000360835.8	9808	351272960
1342	ENST00000615096.4	1119	351535104
1343	ENST00000449304.5	524	351797248
1344	ENST00000290460.7	2258	352059392
1345	ENST00000441897.5	3779	352321536
1346	ENST00000401461.5	2420	352583680
1347	ENST00000612432.4	2649	352845824
1348	ENST00000615003.4	3014	353107968
1349	ENST00000290691.9	2885	353370112
1350	ENST00000423392.5	2333	353632256
1351	ENST00000452208.1	759	353894400
1352	ENST00000249064.8	3985	354156544
1353	ENST00000448492.6	3937	354418688
1354	ENST00000421503.6	3766	354680832
1355	ENST00000453543.5	1026	354942976
1356	ENST00000444523.1	463	355205120
1357	ENST00000432510.1	568	355467264
1358	ENST00000291232.4	3944	355729408
1359	ENST00000292729.12	920	355991552
1360	ENST00000454608.3	1077	356253696
1361	ENST00000292778.10	1351	356515840
1362	ENST00000415762.6	1410	356777984
1363	ENST00000398873.4	1066	357040128
1364	ENST00000607942.5	1913	357302272
1365	ENST00000425975.1	572	357564416
1366	ENST00000292779.3	2260	357826560
1367	ENST00000300105.6	2384	358088704
1368	ENST00000402918.6	8361	358350848
1369	ENST00000613079.4	8360	358612992
1370	ENST00000610372.4	5991	358875136
1371	ENST00000400358.8	6643	359137280
1372	ENST00000400359.4	4317	359399424
1373	ENST00000430175.5	598	359661568
1374	ENST00000404885.5	1306	359923712
1375	ENST00000407308.1	1978	360185856
1376	ENST00000377087.3	1732	360448000
1377	ENST00000412865.1	699	360710144
1378	ENST00000403268.1	2920	360972288
1379	ENST00000334679.3	2479	361234432
1380	ENST00000342474.4	1157	361496576
1381	ENST00000442752.1	657	361758720
1382	ENST00000406644.7	4386	362020864
1383	ENST00000266304.8	4394	362283008
1384	ENST00000413942.1	551	362545152
1385	ENST00000401548.7	4020	362807296
1386	ENST00000540833.1	2326	363069440
1387	ENST00000403492.5	874	363331584
1388	ENST00000423900.1	346	363593728
1389	ENST00000303592.3	2065	363855872
1390	ENST00000302326.4	7556	364118016
1391	ENST00000424656.1	620	364380160
1392	ENST00000402217.7	829	364642304
1393	ENST00000305199.9	681	364904448
1394	ENST00000382821.3	646	365166592
1395	ENST00000302097.3	2148	365428736
1396	ENST00000403807.3	755	365690880
1397	ENST00000302273.2	626	365953024
1398	ENST00000407464.6	6798	366215168
1399	ENST00000407598.2	4734	366477312
1400	ENST00000443632.2	6940	366739456
1401	ENST00000380909.8	2272	367001600
1402	ENST00000303434.8	2329	367263744
1403	ENST00000395827.5	2172	367525888
1404	ENST00000395829.1	1628	367788032
1405	ENST00000306149.11	2777	368050176
1406	ENST00000460790.1	721	368312320
1407	ENST00000307221.4	2578	368574464
1408	ENST00000331428.5	1690	368836608
1409	ENST00000404699.6	3094	369098752
1410	ENST00000308700.6	3384	369360896
1411	ENST00000325157.6	2710	369623040
1412	ENST00000336726.10	2187	369885184
1413	ENST00000450612.5	658	370147328
1414	ENST00000403975.1	2115	370409472
1415	ENST00000321753.7	2335	370671616
1416	ENST00000419475.1	537	370933760
1417	ENST00000319363.10	8607	371195904
1418	ENST00000612619.1	8506	371458048
1419	ENST00000401779.5	869	371720192
1420	ENST00000329363.8	970	371982336
1421	ENST00000403326.5	643	372244480
1422	ENST00000405135.5	917	372506624
1423	ENST00000428989.2	762	372768768
1424	ENST00000437588.1	276	373030912
1425	ENST00000318753.12	1238	373293056
1426	ENST00000446942.5	1828	373555200
1427	ENST00000404045.6	1417	373817344
1428	ENST00000407298.7	1282	374079488
1429	ENST00000402182.7	1844	374341632
1430	ENST00000335760.9	1359	374603776
1431	ENST00000333467.3	1533	374865920
1432	ENST00000335272.9	2926	375128064
1433	ENST00000320996.14	2826	375390208
1434	ENST00000455418.7	2963	375652352
1435	ENST00000634017.1	1017	375914496
1436	ENST00000415296.5	884	376176640
1437	ENST00000436663.1	590	376438784
1438	ENST00000396008.3	1836	376700928
1439	ENST00000406516.5	2657	376963072
1440	ENST00000331728.8	3670	377225216
1441	ENST00000425203.1	606	377487360
1442	ENST00000333611.8	3462	377749504
1443	ENST00000340552.4	2789	378011648
1444	ENST00000330817.10	5350	378273792
1445	ENST00000486602.1	674	378535936
1446	ENST00000492791.1	753	378798080
1447	ENST00000327451.10	2244	379060224
1448	ENST00000399813.1	2057	379322368
1449	ENST00000444626.5	560	379584512
1450	ENST00000332050.10	2552	379846656
1451	ENST00000629659.2	2446	380108800
1452	ENST00000397938.6	2654	380370944
1453	ENST00000436425.5	553	380633088
1454	ENST00000447973.5	582	380895232
1455	ENST00000406548.5	2207	381157376
1456	ENST00000437155.6	933	381419520
1457	ENST00000415761.5	587	381681664
1458	ENST00000331029.11	2267	381943808
1459	ENST00000414183.6	2189	382205952
1460	ENST00000333395.10	1265	382468096
1461	ENST00000455726.5	710	382730240
1462	ENST00000332035.10	1989	382992384
1463	ENST00000360091.3	1289	383254528
1464	ENST00000412113.5	1423	383516672
1465	ENST00000329620.9	3403	383778816
1466	ENST00000436265.5	1417	384040960
1467	ENST00000328823.13	2255	384303104
1468	ENST00000445185.1	475	384565248
1469	ENST00000543212.5	1001	384827392
1470	ENST00000422252.1	591	385089536
1471	ENST00000331479.3	1567	385351680
1472	ENST00000331505.5	5475	385613824
1473	ENST00000433039.1	5784	385875968
1474	ENST00000399875.1	3961	386138112
1475	ENST00000331437.3	4954	386400256
1476	ENST00000330495.8	1849	386662400
1477	ENST00000327423.10	10826	386924544
1478	ENST00000432485.1	3308	387186688
1479	ENST00000431684.1	2841	387448832
1480	ENST00000412743.1	661	387710976
1481	ENST00000447870.6	563	387973120
1482	ENST00000477564.5	2096	388235264
1483	ENST00000340239.8	1315	388497408
1484	ENST00000416156.6	1669	388759552
1485	ENST00000327678.9	1374	389021696
1486	ENST00000407614.8	521	389283840
1487	ENST00000335879.5	753	389545984
1488	ENST00000544604.6	6851	389808128
1489	ENST00000402174.5	2667	390070272
1490	ENST00000406323.3	2878	390332416
1491	ENST00000401886.5	1559	390594560
1492	ENST00000432198.5	585	390856704
1493	ENST00000434570.6	2180	391118848
1494	ENST00000456048.5	2439	391380992
1495	ENST00000432883.5	2084	391643136
1496	ENST00000447208.6	2086	391905280
1497	ENST00000420290.6	1859	392167424
1498	ENST00000398042.6	2011	392429568
1499	ENST00000399807.7	2241	392691712
1500	ENST00000450664.5	570	392953856
1501	ENST00000450019.5	1689	393216000
1502	ENST00000327374.8	2273	393478144
1503	ENST00000430807.5	733	393740288
1504	ENST00000401833.5	1920	394002432
1505	ENST00000434168.5	862	394264576
1506	ENST00000444651.5	847	394526720
1507	ENST00000413981.5	1039	394788864
1508	ENST00000331444.10	1214	395051008
1509	ENST00000483718.5	3245	395313152
1510	ENST00000427407.5	1199	395575296
1511	ENST00000608842.1	1837	395837440
1512	ENST00000480608.5	1435	396099584
1513	ENST00000407418.7	6122	396361728
1514	ENST00000216083.6	3191	396623872
1515	ENST00000400335.8	6138	396886016
1516	ENST00000327813.9	2719	397148160
1517	ENST00000407188.5	1422	397410304
1518	ENST00000453585.1	516	397672448
1519	ENST00000434810.5	984	397934592
1520	ENST00000456369.5	588	398196736
1521	ENST00000404276.6	1844	398458880
1522	ENST00000348295.7	1771	398721024
1523	ENST00000416671.5	2560	398983168
1524	ENST00000328354.10	1867	399245312
1525	ENST00000649563.1	1224	399507456
1526	ENST00000405598.5	1959	399769600
1527	ENST00000382580.6	1971	400031744
1528	ENST00000650281.1	1923	400293888
1529	ENST00000448511.5	1532	400556032
1530	ENST00000417588.5	1551	400818176
1531	ENST00000433728.5	1580	401080320
1532	ENST00000403642.5	1359	401342464
1533	ENST00000402731.5	1545	401604608
1534	ENST00000447421.5	900	401866752
1535	ENST00000433028.6	1349	402128896
1536	ENST00000464581.5	425	402391040
1537	ENST00000425190.6	752	402653184
1538	ENST00000439346.5	553	402915328
1539	ENST00000439200.5	906	403177472
1540	ENST00000382565.5	696	403439616
1541	ENST00000454252.1	722	403701760
1542	ENST00000650233.1	573	403963904
1543	ENST00000398017.3	713	404226048
1544	ENST00000399167.6	2387	404488192
1545	ENST00000399163.6	2309	404750336
1546	ENST00000417515.5	789	405012480
1547	ENST00000441376.6	606	405274624
1548	ENST00000434714.5	1092	405536768
1549	ENST00000426113.5	521	405798912
1550	ENST00000405089.5	2333	406061056
1551	ENST00000440238.3	2368	406323200
1552	ENST00000426208.5	582	406585344
1553	ENST00000316027.10	1518	406847488
1554	ENST00000330423.7	2018	407109632
1555	ENST00000416740.1	1700	407371776
1556	ENST00000608634.1	1391	407633920
1557	ENST00000327492.3	4561	407896064
1558	ENST00000434408.1	777	408158208
1559	ENST00000432777.5	567	408420352
1560	ENST00000422839.5	566	408682496
1561	ENST00000426927.5	574	408944640
1562	ENST00000482444.5	589	409206784
1563	ENST00000440425.5	599	409468928
1564	ENST00000358743.5	3198	409731072
1565	ENST00000347557.6	3130	409993216
1566	ENST00000333137.11	3295	410255360
1567	ENST00000438223.5	545	410517504
1568	ENST00000619644.4	3227	410779648
1569	ENST00000612341.4	3321	411041792
1570	ENST00000416786.5	823	411303936
1571	ENST00000431481.1	534	411566080
1572	ENST00000455608.5	648	411828224
1573	ENST00000404574.5	1735	412090368
1574	ENST00000624247.1	1263	412352512
1575	ENST00000332710.8	2084	412614656
1576	ENST00000329705.11	1465	412876800
1577	ENST00000359500.7	1538	413138944
1578	ENST00000649276.1	2003	413401088
1579	ENST00000330029.6	916	413663232
1580	ENST00000401406.3	584	413925376
1581	ENST00000406028.1	2548	414187520
1582	ENST00000618236.1	1374	414449664
1583	ENST00000403084.1	2357	414711808
1584	ENST00000413119.2	1760	414973952
1585	ENST00000216121.11	2237	415236096
1586	ENST00000437094.5	674	415498240
1587	ENST00000415100.5	661	415760384
1588	ENST00000455496.1	600	416022528
1589	ENST00000450207.5	963	416284672
1590	ENST00000404488.7	1577	416546816
1591	ENST00000328268.8	1357	416808960
1592	ENST00000407217.7	1230	417071104
1593	ENST00000403427.3	1242	417333248
1594	ENST00000402966.1	4975	417595392
1595	ENST00000332509.7	3271	417857536
1596	ENST00000335539.7	3060	418119680
1597	ENST00000402064.5	3011	418381824
1598	ENST00000454670.1	741	418643968
1599	ENST00000448094.5	1147	418906112
1600	ENST00000452794.5	781	419168256
1601	ENST00000427114.5	688	419430400
1602	ENST00000427453.5	499	419692544
1603	ENST00000452542.5	591	419954688
1604	ENST00000498338.1	675	420216832
1605	ENST00000430886.5	656	420478976
1606	ENST00000436218.5	552	420741120
1607	ENST00000447598.6	567	421003264
1608	ENST00000435484.5	612	421265408
1609	ENST00000417303.6	501	421527552
1610	ENST00000455341.2	364	421789696
1611	ENST00000594306.1	595	422051840
1612	ENST00000215742.8	1213	422313984
1613	ENST00000399133.2	1144	422576128
1614	ENST00000300399.7	1980	422838272
1615	ENST00000534972.3	1809	423100416
1616	ENST00000397452.5	2091	423362560
1617	ENST00000397450.2	458	423624704
1618	ENST00000400518.5	2025	423886848
1619	ENST00000542719.6	2024	424148992
1620	ENST00000474308.5	1854	424411136
1621	ENST00000462330.5	1129	424673280
1622	ENST00000634537.1	1086	424935424
1623	ENST00000400519.6	3155	425197568
1624	ENST00000400525.6	1874	425459712
1625	ENST00000400521.6	2115	425721856
1626	ENST00000485358.5	850	425984000
1627	ENST00000462843.2	810	426246144
1628	ENST00000491939.6	2238	426508288
1629	ENST00000334363.14	1893	426770432
1630	ENST00000475995.3	751	427032576
1631	ENST00000616349.4	3111	427294720
1632	ENST00000332271.9	3504	427556864
1633	ENST00000533313.5	3232	427819008
1634	ENST00000527701.5	3105	428081152
1635	ENST00000455784.6	2070	428343296
1636	ENST00000406395.5	1974	428605440
1637	ENST00000406172.6	1996	428867584
1638	ENST00000412544.5	1108	429129728
1639	ENST00000431124.5	920	429391872
1640	ENST00000383045.7	1588	429654016
1641	ENST00000438754.6	2241	429916160
1642	ENST00000395109.6	794	430178304
1643	ENST00000413258.1	318	430440448
1644	ENST00000344710.9	3115	430702592
1645	ENST00000397525.5	3695	430964736
1646	ENST00000330125.9	3544	431226880
1647	ENST00000397523.5	3420	431489024
1648	ENST00000445424.5	861	431751168
1649	ENST00000418321.1	718	432013312
1650	ENST00000423097.5	688	432275456
1651	ENST00000397518.5	251	432537600
1652	ENST00000397520.1	374	432799744
1653	ENST00000438716.3	2747	433061888
1654	ENST00000407373.5	3669	433324032
1655	ENST00000403222.7	3728	433586176
1656	ENST00000332585.10	4340	433848320
1657	ENST00000446658.6	2836	434110464
1658	ENST00000445781.5	559	434372608
1659	ENST00000401475.5	2468	434634752
1660	ENST00000424224.5	861	434896896
1661	ENST00000437268.6	3580	435159040
1662	ENST00000454145.5	589	435421184
1663	ENST00000453621.5	895	435683328
1664	ENST00000431368.5	3050	435945472
1665	ENST00000535268.5	3248	436207616
1666	ENST00000452656.5	2763	436469760
1667	ENST00000433183.2	930	436731904
1668	ENST00000535113.5	10322	436994048
1669	ENST00000355830.10	2417	437256192
1670	ENST00000540952.5	2492	437518336
1671	ENST00000215794.7	2129	437780480
1672	ENST00000498737.7	1256	438042624
1673	ENST00000617763.1	1183	438304768
1674	ENST00000470753.1	475	438566912
1675	ENST00000338483.6	2490	438829056
1676	ENST00000538999.1	2365	439091200
1677	ENST00000538320.5	2458	439353344
1678	ENST00000441709.1	548	439615488
1679	ENST00000417948.5	697	439877632
1680	ENST00000426621.6	2216	440139776
1681	ENST00000407965.1	2325	440401920
1682	ENST00000620191.4	2306	440664064
1683	ENST00000412277.6	3512	440926208
1684	ENST00000412985.5	805	441188352
1685	ENST00000331075.9	3347	441450496
1686	ENST00000420017.5	558	441712640
1687	ENST00000400294.6	2393	441974784
1688	ENST00000405300.5	2515	442236928
1689	ENST00000404390.7	2215	442499072
1690	ENST00000402238.5	1564	442761216
1691	ENST00000404453.5	1613	443023360
1692	ENST00000401755.1	1751	443285504
1693	ENST00000400451.6	3159	443547648
1694	ENST00000611540.4	3714	443809792
1695	ENST00000403682.7	2789	444071936
1696	ENST00000357502.5	2788	444334080
1697	ENST00000420626.1	591	444596224
1698	ENST00000437275.5	3744	444858368
1699	ENST00000405993.2	1839	445120512
1700	ENST00000442538.5	477	445382656
1701	ENST00000402860.7	986	445644800
1702	ENST00000405091.6	1149	445906944
1703	ENST00000381821.1	978	446169088
1704	ENST00000215838.7	2535	446431232
1705	ENST00000450638.5	2159	446693376
1706	ENST00000405742.7	1936	446955520
1707	ENST00000407817.3	1870	447217664
1708	ENST00000616432.4	2925	447479808
1709	ENST00000416823.1	745	447741952
1710	ENST00000428622.1	569	448004096
1711	ENST00000406549.7	1803	448266240
1712	ENST00000610653.4	2238	448528384
1713	ENST00000621062.4	2483	448790528
1714	ENST00000618518.3	3382	449052672
1715	ENST00000611648.2	2482	449314816
1716	ENST00000330651.10	2431	449576960
1717	ENST00000395764.5	1512	449839104
1718	ENST00000417877.1	2409	450101248
1719	ENST00000333130.3	1387	450363392
1720	ENST00000458578.6	3007	450625536
1721	ENST00000342192.8	3028	450887680
1722	ENST00000545681.2	2932	451149824
1723	ENST00000358763.6	3126	451411968
1724	ENST00000332840.9	972	451674112
1725	ENST00000619146.1	561	451936256
1726	ENST00000441821.5	855	452198400
1727	ENST00000412575.1	632	452460544
1728	ENST00000398743.6	2196	452722688
1729	ENST00000398741.5	2202	452984832
1730	ENST00000543184.5	2758	453246976
1731	ENST00000405655.7	2179	453509120
1732	ENST00000402697.5	2057	453771264
1733	ENST00000439106.5	891	454033408
1734	ENST00000438888.5	566	454295552
1735	ENST00000420709.5	705	454557696
1736	ENST00000406503.1	740	454819840
1737	ENST00000442481.5	581	455081984
1738	ENST00000403441.1	567	455344128
1739	ENST00000331457.8	1746	455606272
1740	ENST00000416465.5	612	455868416
1741	ENST00000548143.1	338	456130560
1742	ENST00000629688.1	309	456392704
1743	ENST00000329517.10	6706	456654848
1744	ENST00000403325.5	1699	456916992
1745	ENST00000405009.5	1076	457179136
1746	ENST00000453108.1	702	457441280
1747	ENST00000413209.6	4733	457703424
1748	ENST00000338641.8	6025	457965568
1749	ENST00000403435.5	2568	458227712
1750	ENST00000361452.8	5884	458489856
1751	ENST00000403999.7	2999	458752000
1752	ENST00000334961.11	2020	459014144
1753	ENST00000353887.8	1845	459276288
1754	ENST00000432151.5	1000	459538432
1755	ENST00000361166.8	1837	459800576
1756	ENST00000361676.8	1716	460062720
1757	ENST00000397789.3	1857	460324864
1758	ENST00000611394.4	1843	460587008
1759	ENST00000617066.4	1726	460849152
1760	ENST00000432186.5	905	461111296
1761	ENST00000624862.3	1900	461373440
1762	ENST00000006251.11	1767	461635584
1763	ENST00000403581.5	2279	461897728
1764	ENST00000336985.10	1878	462159872
1765	ENST00000403696.5	789	462422016
1766	ENST00000457960.5	881	462684160
1767	ENST00000431834.5	1612	462946304
1768	ENST00000432916.5	1430	463208448
1769	ENST00000305877.12	7082	463470592
1770	ENST00000359540.7	4708	463732736
1771	ENST00000427791.1	771	463994880
1772	ENST00000417669.6	3657	464257024
1773	ENST00000334209.9	582	464519168
1774	ENST00000443721.1	2507	464781312
1775	ENST00000447567.1	728	465043456
1776	ENST00000440343.5	368	465305600
1777	ENST00000415785.5	531	465567744
1778	ENST00000262735.9	9965	465829888
1779	ENST00000420804.5	572	466092032
1780	ENST00000407236.5	9995	466354176
1781	ENST00000402126.1	1558	466616320
1782	ENST00000396231.6	4424	466878464
1783	ENST00000262726.11	4869	467140608
1784	ENST00000356087.8	1129	467402752
1785	ENST00000334018.10	2173	467664896
1786	ENST00000429226.5	769	467927040
1787	ENST00000404755.7	2049	468189184
1788	ENST00000404820.7	2118	468451328
1789	ENST00000430127.1	641	468713472
1790	ENST00000435427.5	482	468975616
1791	ENST00000433143.1	707	469237760
1792	ENST00000346753.8	3194	469499904
1793	ENST00000381792.6	3260	469762048
1794	ENST00000406725.6	3125	470024192
1795	ENST00000406856.7	3331	470286336
1796	ENST00000429068.1	446	470548480
1797	ENST00000442782.6	1695	470810624
1798	ENST00000423761.1	526	471072768
1799	ENST00000334678.7	927	471334912
1800	ENST00000420879.5	861	471597056
1801	ENST00000341976.4	6924	471859200
1802	ENST00000399824.6	1759	472121344
1803	ENST00000405659.5	3052	472383488
1804	ENST00000338306.7	3001	472645632
1805	ENST00000445005.5	732	472907776
1806	ENST00000430839.5	894	473169920
1807	ENST00000442047.2	1179	473432064
1808	ENST00000339464.8	3919	473694208
1809	ENST00000409496.7	2285	473956352
1810	ENST00000410089.5	2202	474218496
1811	ENST00000410058.1	714	474480640
1812	ENST00000428540.1	521	474742784
1813	ENST00000395780.5	1459	475004928
1814	ENST00000622558.4	1779	475267072
1815	ENST00000215659.12	1918	475529216
1816	ENST00000395778.3	605	475791360
1817	ENST00000341280.5	3500	476053504
1818	ENST00000389983.6	3668	476315648
1819	ENST00000341255.3	5495	476577792
1820	ENST00000406477.7	1569	476839936
1821	ENST00000338758.11	5429	477102080
1822	ENST00000619710.4	1530	477364224
1823	ENST00000444029.5	742	477626368
1824	ENST00000404989.1	1591	477888512
1825	ENST00000340857.3	2344	478150656
1826	ENST00000317749.9	1300	478412800
1827	ENST00000614553.1	687	478674944
1828	ENST00000323013.6	3801	478937088
1829	ENST00000416699.5	687	479199232
1830	ENST00000357137.8	7988	479461376
1831	ENST00000614001.1	230	479723520
1832	ENST00000428799.1	2737	479985664
1833	ENST00000360079.7	2296	480247808
1834	ENST00000428575.6	2148	480509952
1835	ENST00000402580.7	2006	480772096
1836	ENST00000359308.8	2709	481034240
1837	ENST00000405878.5	2200	481296384
1838	ENST00000405506.2	1958	481558528
1839	ENST00000354760.3	811	481820672
1840	ENST00000610984.4	3443	482082816
1841	ENST00000359337.8	6335	482344960
1842	ENST00000449103.5	6383	482607104
1843	ENST00000614805.1	1387	482869248
1844	ENST00000411680.1	704	483131392
1845	ENST00000427829.1	567	483393536
1846	ENST00000434732.1	253	483655680
1847	ENST00000432455.5	1620	483917824
1848	ENST00000425954.1	609	484179968
1849	ENST00000355630.7	4496	484442112
1850	ENST00000614754.4	3917	484704256
1851	ENST00000620651.4	3757	484966400
1852	ENST00000396617.7	4505	485228544
1853	ENST00000402042.5	4343	485490688
1854	ENST00000407029.5	4091	485752832
1855	ENST00000618417.1	1842	486014976
1856	ENST00000618196.5	2901	486277120
1857	ENST00000402630.5	747	486539264
1858	ENST00000422851.1	569	486801408
1859	ENST00000406486.8	7864	487063552
1860	ENST00000358431.7	10490	487325696
1861	ENST00000401395.1	6386	487587840
1862	ENST00000637069.1	6510	487849984
1863	ENST00000343518.10	1928	488112128
1864	ENST00000621704.4	1874	488374272
1865	ENST00000452800.1	1964	488636416
1866	ENST00000540643.5	4226	488898560
1867	ENST00000432498.5	4162	489160704
1868	ENST00000443011.5	3579	489422848
1869	ENST00000411518.5	656	489684992
1870	ENST00000400289.5	3739	489947136
1871	ENST00000444859.5	449	490209280
1872	ENST00000400288.6	4002	490471424
1873	ENST00000524296.5	2108	490733568
1874	ENST00000450787.1	448	490995712
1875	ENST00000452250.5	2625	491257856
1876	ENST00000417682.6	1817	491520000
1877	ENST00000425671.1	719	491782144
1878	ENST00000401702.5	1043	492044288
1879	ENST00000397326.6	1197	492306432
1880	ENST00000397328.5	1153	492568576
1881	ENST00000359787.5	1170	492830720
1882	ENST00000406324.5	582	493092864
1883	ENST00000443033.5	648	493355008
1884	ENST00000442617.1	545	493617152
1885	ENST00000451685.5	551	493879296
1886	ENST00000447607.5	515	494141440
1887	ENST00000419229.1	418	494403584
1888	ENST00000360612.4	2369	494665728
1889	ENST00000359963.4	2060	494927872
1890	ENST00000361906.7	3611	495190016
1891	ENST00000436674.5	3667	495452160
1892	ENST00000361684.8	3593	495714304
1893	ENST00000633438.1	1369	495976448
1894	ENST00000457534.5	555	496238592
1895	ENST00000411679.2	555	496500736
1896	ENST00000402395.5	1054	496762880
1897	ENST00000400299.6	694	497025024
1898	ENST00000611680.1	689	497287168
1899	ENST00000612482.4	5365	497549312
1900	ENST00000361204.8	5240	497811456
1901	ENST00000424354.5	5699	498073600
1902	ENST00000435061.1	770	498335744
1903	ENST00000396398.7	3694	498597888
1904	ENST00000403363.5	1856	498860032
1905	ENST00000402937.1	1869	499122176
1906	ENST00000366425.3	1553	499384320
1907	ENST00000405237.7	2647	499646464
1908	ENST00000312108.11	2592	499908608
1909	ENST00000395650.6	2662	500170752
1910	ENST00000360719.6	2319	500432896
1911	ENST00000457250.5	2217	500695040
1912	ENST00000423069.1	719	500957184
1913	ENST00000417176.1	558	501219328
1914	ENST00000413817.7	4939	501481472
1915	ENST00000433760.1	920	501743616
1916	ENST00000404583.5	1439	502005760
1917	ENST00000314567.7	1875	502267904
1918	ENST00000381037.4	1600	502530048
1919	ENST00000404744.1	1541	502792192
1920	ENST00000435101.1	692	503054336
1921	ENST00000614967.4	1504	503316480
1922	ENST00000612115.1	1734	503578624
1923	ENST00000382097.3	1363	503840768
1924	ENST00000640159.1	1122	504102912
1925	ENST00000407886.1	866	504365056
1926	ENST00000423535.1	695	504627200
1927	ENST00000456303.5	1958	504889344
1928	ENST00000545656.2	574	505151488
1929	ENST00000621561.4	1337	505413632
1930	ENST00000432134.6	1129	505675776
1931	ENST00000453397.5	1022	505937920
1932	ENST00000536718.2	480	506200064
1933	ENST00000399635.3	1816	506462208
1934	ENST00000390282.2	419	506724352
1935	ENST00000390283.2	414	506986496
1936	ENST00000390284.2	362	507248640
1937	ENST00000390285.4	353	507510784
1938	ENST00000390286.3	381	507772928
1939	ENST00000640991.1	351	508035072
1940	ENST00000390287.2	365	508297216
1941	ENST00000390289.2	379	508559360
1942	ENST00000390290.3	389	508821504
1943	ENST00000390291.2	405	509083648
1944	ENST00000390293.1	369	509345792
1945	ENST00000390294.2	407	509607936
1946	ENST00000390295.3	385	509870080
1947	ENST00000390296.2	397	510132224
1948	ENST00000390297.3	467	510394368
1949	ENST00000390298.2	385	510656512
1950	ENST00000390299.2	407	510918656
1951	ENST00000390300.2	374	511180800
1952	ENST00000390301.3	393	511442944
1953	ENST00000390302.3	412	511705088
1954	ENST00000390303.3	383	511967232
1955	ENST00000390304.2	377	512229376
1956	ENST00000390305.2	380	512491520
1957	ENST00000390306.2	502	512753664
1958	ENST00000390307.2	409	513015808
1959	ENST00000390308.2	602	513277952
1960	ENST00000390309.2	377	513540096
1961	ENST00000390310.3	367	513802240
1962	ENST00000390311.3	385	514064384
1963	ENST00000390312.2	402	514326528
1964	ENST00000390313.3	356	514588672
1965	ENST00000390314.2	400	514850816
1966	ENST00000390315.3	382	515112960
1967	ENST00000390316.2	461	515375104
1968	ENST00000390318.2	403	515637248
1969	ENST00000390319.2	398	515899392
1970	ENST00000390320.2	127	516161536
1971	ENST00000390321.2	460	516423680
1972	ENST00000390322.2	175	516685824
1973	ENST00000390323.2	462	516947968
1974	ENST00000390324.2	176	517210112
1975	ENST00000390325.2	462	517472256
1976	ENST00000390326.2	33	517734400
1977	ENST00000390327.2	72	517996544
1978	ENST00000390328.2	70	518258688
1979	ENST00000390330.2	46	518520832
1980	ENST00000390331.3	441	518782976
1981	ENST00000359867.7	2642	519045120
1982	ENST00000396832.5	2791	519307264
1983	ENST00000366216.6	1005	519569408
1984	ENST00000431632.5	763	519831552
1985	ENST00000403904.5	1580	520093696
1986	ENST00000431611.5	814	520355840
1987	ENST00000413574.6	1631	520617984
1988	ENST00000405675.7	2127	520880128
1989	ENST00000442216.1	787	521142272
1990	ENST00000451964.5	873	521404416
1991	ENST00000430335.1	996	521666560
1992	ENST00000402034.6	3392	521928704
1993	ENST00000437871.1	788	522190848
1994	ENST00000407472.5	6523	522452992
1995	ENST00000328554.8	6619	522715136
1996	ENST00000405640.1	6785	522977280
1997	ENST00000416337.1	730	523239424
1998	ENST00000610387.4	3924	523501568
1999	ENST00000329627.11	18445	523763712
2000	ENST00000399744.7	1672	524025856
2001	ENST00000474897.5	2082	524288000
2002	ENST00000428061.2	815	524550144
2003	ENST00000400588.5	2630	524812288
2004	ENST00000465611.1	2698	525074432
2005	ENST00000643316.1	2055	525336576
2006	ENST00000406915.3	448	525598720
2007	ENST00000402753.1	342	525860864
2008	ENST00000402357.5	1508	526123008
2009	ENST00000336769.9	546	526385152
2010	ENST00000358295.9	2638	526647296
2011	ENST00000406880.1	833	526909440
2012	ENST00000333039.2	5784	527171584
2013	ENST00000640136.1	1503	527433728
2014	ENST00000409652.4	10121	527695872
2015	ENST00000427632.2	409	527958016
2016	ENST00000424496.2	1322	528220160
2017	ENST00000439765.3	1475	528482304
2018	ENST00000621082.1	1405	528744448
2019	ENST00000457093.1	486	529006592
2020	ENST00000329021.9	5602	529268736
2021	ENST00000355469.4	671	529530880
2022	ENST00000407689.7	1623	529793024
2023	ENST00000404953.7	1460	530055168
2024	ENST00000440839.5	793	530317312
2025	ENST00000421236.5	975	530579456
2026	ENST00000415484.5	740	530841600
2027	ENST00000425691.5	794	531103744
2028	ENST00000440704.5	580	531365888
2029	ENST00000407997.3	1834	531628032
2030	ENST00000623632.3	847	531890176
2031	ENST00000623063.3	4359	532152320
2032	ENST00000342312.9	1808	532414464
2033	ENST00000636714.1	1734	532676608
2034	ENST00000624503.1	754	532938752
2035	ENST00000637669.1	1927	533200896
2036	ENST00000216194.11	1620	533463040
2037	ENST00000623978.3	712	533725184
2038	ENST00000636265.1	1239	533987328
2039	ENST00000623287.3	856	534249472
2040	ENST00000624474.1	678	534511616
2041	ENST00000637666.1	1135	534773760
2042	ENST00000625194.3	1079	535035904
2043	ENST00000480775.2	713	535298048
2044	ENST00000423176.6	728	535560192
2045	ENST00000624027.1	732	535822336
2046	ENST00000498234.2	323	536084480
2047	ENST00000215754.7	939	536346624
2048	ENST00000215904.6	2010	536608768
2049	ENST00000403251.1	1571	536870912
2050	ENST00000389774.6	1725	537133056
2051	ENST00000396119.6	573	537395200
2052	ENST00000447333.5	768	537657344
2053	ENST00000336963.8	1487	537919488
2054	ENST00000356099.10	1584	538181632
2055	ENST00000412433.5	581	538443776
2056	ENST00000389772.8	1474	538705920
2057	ENST00000382151.6	2669	538968064
2058	ENST00000437808.5	2264	539230208
2059	ENST00000266095.9	2655	539492352
2060	ENST00000397500.5	2194	539754496
2061	ENST00000435900.5	1723	540016640
2062	ENST00000439502.6	1963	540278784
2063	ENST00000422020.5	1015	540540928
2064	ENST00000442379.1	722	540803072
2065	ENST00000431201.5	460	541065216
2066	ENST00000429683.1	609	541327360
2067	ENST00000255882.10	6752	541589504
2068	ENST00000399213.2	1636	541851648
2069	ENST00000449120.1	574	542113792
2070	ENST00000266263.9	1370	542375936
2071	ENST00000629597.2	482	542638080
2072	ENST00000355143.8	891	542900224
2073	ENST00000412752.5	759	543162368
2074	ENST00000407550.3	912	543424512
2075	ENST00000263245.9	2857	543686656
2076	ENST00000437119.6	1650	543948800
2077	ENST00000453516.5	817	544210944
2078	ENST00000454099.5	542	544473088
2079	ENST00000435208.1	501	544735232
2080	ENST00000509549.5	2979	544997376
2081	ENST00000399568.5	1005	545259520
2082	ENST00000542103.5	1523	545521664
2083	ENST00000399562.8	3350	545783808
2084	ENST00000611555.4	1977	546045952
2085	ENST00000333059.5	1221	546308096
2086	ENST00000441493.6	9445	546570240
2087	ENST00000577821.5	807	546832384
2088	ENST00000579997.5	519	547094528
2089	ENST00000584751.1	436	547356672
2090	ENST00000498573.5	593	547618816
2091	ENST00000578984.1	569	547880960
2092	ENST00000400561.6	3046	548143104
2093	ENST00000495076.5	5113	548405248
2094	ENST00000414725.6	4756	548667392
2095	ENST00000383094.7	2963	548929536
2096	ENST00000461307.5	5981	549191680
2097	ENST00000585038.1	3323	549453824
2098	ENST00000424046.1	542	549715968
2099	ENST00000427494.6	1961	549978112
2100	ENST00000216099.12	2528	550240256
2101	ENST00000622217.1	591	550502400
2102	ENST00000622235.4	3232	550764544
2103	ENST00000623402.1	3248	551026688
2104	ENST00000361441.4	2818	551288832
2105	ENST00000428892.1	1056	551550976
2106	ENST00000398215.2	886	551813120
2107	ENST00000361473.9	2013	552075264
2108	ENST00000352766.11	2043	552337408
2109	ENST00000515632.2	1590	552599552
2110	ENST00000330168.9	1974	552861696
2111	ENST00000434987.5	1811	553123840
2112	ENST00000434291.5	1818	553385984
2113	ENST00000418047.5	1781	553648128
2114	ENST00000447976.1	1851	553910272
2115	ENST00000505920.1	799	554172416
2116	ENST00000454552.5	872	554434560
2117	ENST00000439838.5	1470	554696704
2118	ENST00000439023.3	694	554958848
2119	ENST00000520222.1	384	555220992
2120	ENST00000401675.7	691	555483136
2121	ENST00000484558.2	1171	555745280
2122	ENST00000517886.1	494	556007424
2123	ENST00000445220.5	5175	556269568
2124	ENST00000262795.5	7091	556531712
2125	ENST00000433835.3	788	556793856
2126	ENST00000453634.5	2816	557056000
2127	ENST00000526893.5	1050	557318144
2128	ENST00000532223.2	1335	557580288
2129	ENST00000531372.1	882	557842432
2130	ENST00000358654.2	6204	558104576
2131	ENST00000438329.5	945	558366720
2132	ENST00000359114.8	2854	558628864
2133	ENST00000611699.1	903	558891008
2134	ENST00000619998.1	968	559153152
2135	ENST00000620804.1	6105	559415296
2136	ENST00000626650.2	5721	559677440
2137	ENST00000619852.2	3981	559939584
2138	ENST00000613655.1	3714	560201728
2139	ENST00000619918.1	6105	560463872
2140	ENST00000611600.4	721	560726016
2141	ENST00000621179.5	920	560988160
2142	ENST00000617532.4	449	561250304
2143	ENST00000429594.1	644	561512448
2144	ENST00000610913.1	4100	561774592
2145	ENST00000617123.1	1781	562036736
2146	ENST00000620395.2	517	562298880
2147	ENST00000612978.4	1220	562561024
2148	ENST00000613577.4	354	562823168
2149	ENST00000613597.1	366	563085312
2150	ENST00000638240.1	1669	563347456
2151	ENST00000400206.7	1770	563609600
2152	ENST00000535425.5	1002	563871744
2153	ENST00000543927.5	1051	564133888
2154	ENST00000638598.1	664	564396032
2155	ENST00000638670.1	617	564658176
2156	ENST00000639722.1	4563	564920320
2157	ENST00000381568.9	2121	565182464
2158	ENST00000455843.5	4113	565444608
2159	ENST00000431044.5	3173	565706752
2160	ENST00000637854.1	213	565968896
2161	ENST00000451997.6	3123	566231040
2162	ENST00000646701.1	1914	566493184
2163	ENST00000404092.5	805	566755328
Started loading the genome: Sun Apr 28 01:12:08 2019

Genome: size given as a parameter = 567017472
SA: size given as a parameter = 35819589
SAindex: size given as a parameter = 1
Read from SAindex: pGe.gSAindexNbases=14  nSAi=357913940
nGenome=567017472;  nSAbyte=35819589
GstrandBit=32   SA number of indices=8683536
Shared memory is not used for genomes. Allocated a private copy of the genome.
Genome file size: 567017472 bytes; state: good=1 eof=0 fail=0 bad=0
Loading Genome ... done! state: good=1 eof=0 fail=0 bad=0; loaded 567017472 bytes
SA file size: 35819589 bytes; state: good=1 eof=0 fail=0 bad=0
Loading SA ... done! state: good=1 eof=0 fail=0 bad=0; loaded 35819589 bytes
Loading SAindex ... done: 1565873619 bytes
Finished loading the genome: Sun Apr 28 01:13:28 2019

alignIntronMax=alignMatesGapMax=0, the max intron size will be approximately determined by (2^winBinNbits)*winAnchorDistNbins=589824
Created thread # 1
Created thread # 2
Created thread # 3
Created thread # 4
Created thread # 5
Created thread # 6
Thread #3 end of input stream, nextChar=-1
Completed: thread #4
Completed: thread #0
Completed: thread #6
Completed: thread #3
Completed: thread #5
Completed: thread #1
Joined thread # 1
Completed: thread #2
Joined thread # 2
Joined thread # 3
Joined thread # 4
Joined thread # 5
Joined thread # 6
ALL DONE!
